2015/03/23 09:50:06 [error] [system.db.CDbCommand] CDbCommand::fetchAll() failed: SQLSTATE[42S22]: Column not found: 1054 Unknown column 'new' in 'where clause'. The SQL statement executed was: SELECT * FROM `comment` `t` WHERE new=4273.
2015/03/23 09:50:06 [error] [exception.CDbException] exception 'CDbException' with message 'CDbCommand failed to execute the SQL statement: SQLSTATE[42S22]: Column not found: 1054 Unknown column 'new' in 'where clause'' in /home/admin/nginx/html/yii/framework/db/CDbCommand.php:543
Stack trace:
#0 /home/admin/nginx/html/yii/framework/db/CDbCommand.php(396): CDbCommand->queryInternal('fetchAll', Array, Array)
#1 /home/admin/nginx/html/yii/framework/db/ar/CActiveRecord.php(1351): CDbCommand->queryAll()
#2 /home/admin/nginx/html/yii/framework/db/ar/CActiveRecord.php(1470): CActiveRecord->query(Object(CDbCriteria), true)
#3 /home/admin/nginx/html/yii/demos/music_web/protected/controllers/CommentController.php(75): CActiveRecord->findAll(Object(CDbCriteria))
#4 /home/admin/nginx/html/yii/framework/web/actions/CInlineAction.php(49): CommentController->actionIndex()
#5 /home/admin/nginx/html/yii/framework/web/CController.php(308): CInlineAction->runWithParams(Array)
#6 /home/admin/nginx/html/yii/framework/web/CController.php(286): CController->runAction(Object(CInlineAction))
#7 /home/admin/nginx/html/yii/framework/web/CController.php(265): CController->runActionWithFilters(Object(CInlineAction), Array)
#8 /home/admin/nginx/html/yii/framework/web/CWebApplication.php(282): CController->run('index')
#9 /home/admin/nginx/html/yii/framework/web/CWebApplication.php(141): CWebApplication->runController('comment/index/n...')
#10 /home/admin/nginx/html/yii/framework/base/CApplication.php(180): CWebApplication->processRequest()
#11 /home/admin/nginx/html/yii/demos/music_web/index.php(11): CApplication->run()
#12 {main}
REQUEST_URI=/comment/index/nid/4273
HTTP_REFERER=http://www.funmzc.com/comment/index/nid/4273
---
2015/03/23 09:50:07 [error] [system.db.CDbCommand] CDbCommand::fetchAll() failed: SQLSTATE[42S22]: Column not found: 1054 Unknown column 'new' in 'where clause'. The SQL statement executed was: SELECT * FROM `comment` `t` WHERE new=4273.
2015/03/23 09:50:07 [error] [exception.CDbException] exception 'CDbException' with message 'CDbCommand failed to execute the SQL statement: SQLSTATE[42S22]: Column not found: 1054 Unknown column 'new' in 'where clause'' in /home/admin/nginx/html/yii/framework/db/CDbCommand.php:543
Stack trace:
#0 /home/admin/nginx/html/yii/framework/db/CDbCommand.php(396): CDbCommand->queryInternal('fetchAll', Array, Array)
#1 /home/admin/nginx/html/yii/framework/db/ar/CActiveRecord.php(1351): CDbCommand->queryAll()
#2 /home/admin/nginx/html/yii/framework/db/ar/CActiveRecord.php(1470): CActiveRecord->query(Object(CDbCriteria), true)
#3 /home/admin/nginx/html/yii/demos/music_web/protected/controllers/CommentController.php(75): CActiveRecord->findAll(Object(CDbCriteria))
#4 /home/admin/nginx/html/yii/framework/web/actions/CInlineAction.php(49): CommentController->actionIndex()
#5 /home/admin/nginx/html/yii/framework/web/CController.php(308): CInlineAction->runWithParams(Array)
#6 /home/admin/nginx/html/yii/framework/web/CController.php(286): CController->runAction(Object(CInlineAction))
#7 /home/admin/nginx/html/yii/framework/web/CController.php(265): CController->runActionWithFilters(Object(CInlineAction), Array)
#8 /home/admin/nginx/html/yii/framework/web/CWebApplication.php(282): CController->run('index')
#9 /home/admin/nginx/html/yii/framework/web/CWebApplication.php(141): CWebApplication->runController('comment/index/n...')
#10 /home/admin/nginx/html/yii/framework/base/CApplication.php(180): CWebApplication->processRequest()
#11 /home/admin/nginx/html/yii/demos/music_web/index.php(11): CApplication->run()
#12 {main}
REQUEST_URI=/comment/index/nid/4273
---
2015/03/23 09:50:07 [error] [system.db.CDbCommand] CDbCommand::fetchAll() failed: SQLSTATE[42S22]: Column not found: 1054 Unknown column 'new' in 'where clause'. The SQL statement executed was: SELECT * FROM `comment` `t` WHERE new=4277.
2015/03/23 09:50:07 [error] [exception.CDbException] exception 'CDbException' with message 'CDbCommand failed to execute the SQL statement: SQLSTATE[42S22]: Column not found: 1054 Unknown column 'new' in 'where clause'' in /home/admin/nginx/html/yii/framework/db/CDbCommand.php:543
Stack trace:
#0 /home/admin/nginx/html/yii/framework/db/CDbCommand.php(396): CDbCommand->queryInternal('fetchAll', Array, Array)
#1 /home/admin/nginx/html/yii/framework/db/ar/CActiveRecord.php(1351): CDbCommand->queryAll()
#2 /home/admin/nginx/html/yii/framework/db/ar/CActiveRecord.php(1470): CActiveRecord->query(Object(CDbCriteria), true)
#3 /home/admin/nginx/html/yii/demos/music_web/protected/controllers/CommentController.php(75): CActiveRecord->findAll(Object(CDbCriteria))
#4 /home/admin/nginx/html/yii/framework/web/actions/CInlineAction.php(49): CommentController->actionIndex()
#5 /home/admin/nginx/html/yii/framework/web/CController.php(308): CInlineAction->runWithParams(Array)
#6 /home/admin/nginx/html/yii/framework/web/CController.php(286): CController->runAction(Object(CInlineAction))
#7 /home/admin/nginx/html/yii/framework/web/CController.php(265): CController->runActionWithFilters(Object(CInlineAction), Array)
#8 /home/admin/nginx/html/yii/framework/web/CWebApplication.php(282): CController->run('index')
#9 /home/admin/nginx/html/yii/framework/web/CWebApplication.php(141): CWebApplication->runController('comment/index/n...')
#10 /home/admin/nginx/html/yii/framework/base/CApplication.php(180): CWebApplication->processRequest()
#11 /home/admin/nginx/html/yii/demos/music_web/index.php(11): CApplication->run()
#12 {main}
REQUEST_URI=/comment/index/nid/4277
HTTP_REFERER=http://www.funmzc.com/comment/index/nid/4277
---
2015/03/23 09:50:08 [error] [system.db.CDbCommand] CDbCommand::fetchAll() failed: SQLSTATE[42S22]: Column not found: 1054 Unknown column 'new' in 'where clause'. The SQL statement executed was: SELECT * FROM `comment` `t` WHERE new=4277.
2015/03/23 09:50:08 [error] [exception.CDbException] exception 'CDbException' with message 'CDbCommand failed to execute the SQL statement: SQLSTATE[42S22]: Column not found: 1054 Unknown column 'new' in 'where clause'' in /home/admin/nginx/html/yii/framework/db/CDbCommand.php:543
Stack trace:
#0 /home/admin/nginx/html/yii/framework/db/CDbCommand.php(396): CDbCommand->queryInternal('fetchAll', Array, Array)
#1 /home/admin/nginx/html/yii/framework/db/ar/CActiveRecord.php(1351): CDbCommand->queryAll()
#2 /home/admin/nginx/html/yii/framework/db/ar/CActiveRecord.php(1470): CActiveRecord->query(Object(CDbCriteria), true)
#3 /home/admin/nginx/html/yii/demos/music_web/protected/controllers/CommentController.php(75): CActiveRecord->findAll(Object(CDbCriteria))
#4 /home/admin/nginx/html/yii/framework/web/actions/CInlineAction.php(49): CommentController->actionIndex()
#5 /home/admin/nginx/html/yii/framework/web/CController.php(308): CInlineAction->runWithParams(Array)
#6 /home/admin/nginx/html/yii/framework/web/CController.php(286): CController->runAction(Object(CInlineAction))
#7 /home/admin/nginx/html/yii/framework/web/CController.php(265): CController->runActionWithFilters(Object(CInlineAction), Array)
#8 /home/admin/nginx/html/yii/framework/web/CWebApplication.php(282): CController->run('index')
#9 /home/admin/nginx/html/yii/framework/web/CWebApplication.php(141): CWebApplication->runController('comment/index/n...')
#10 /home/admin/nginx/html/yii/framework/base/CApplication.php(180): CWebApplication->processRequest()
#11 /home/admin/nginx/html/yii/demos/music_web/index.php(11): CApplication->run()
#12 {main}
REQUEST_URI=/comment/index/nid/4277
---
2015/03/23 09:50:08 [error] [system.db.CDbCommand] CDbCommand::fetchAll() failed: SQLSTATE[42S22]: Column not found: 1054 Unknown column 'new' in 'where clause'. The SQL statement executed was: SELECT * FROM `comment` `t` WHERE new=4246.
2015/03/23 09:50:08 [error] [exception.CDbException] exception 'CDbException' with message 'CDbCommand failed to execute the SQL statement: SQLSTATE[42S22]: Column not found: 1054 Unknown column 'new' in 'where clause'' in /home/admin/nginx/html/yii/framework/db/CDbCommand.php:543
Stack trace:
#0 /home/admin/nginx/html/yii/framework/db/CDbCommand.php(396): CDbCommand->queryInternal('fetchAll', Array, Array)
#1 /home/admin/nginx/html/yii/framework/db/ar/CActiveRecord.php(1351): CDbCommand->queryAll()
#2 /home/admin/nginx/html/yii/framework/db/ar/CActiveRecord.php(1470): CActiveRecord->query(Object(CDbCriteria), true)
#3 /home/admin/nginx/html/yii/demos/music_web/protected/controllers/CommentController.php(75): CActiveRecord->findAll(Object(CDbCriteria))
#4 /home/admin/nginx/html/yii/framework/web/actions/CInlineAction.php(49): CommentController->actionIndex()
#5 /home/admin/nginx/html/yii/framework/web/CController.php(308): CInlineAction->runWithParams(Array)
#6 /home/admin/nginx/html/yii/framework/web/CController.php(286): CController->runAction(Object(CInlineAction))
#7 /home/admin/nginx/html/yii/framework/web/CController.php(265): CController->runActionWithFilters(Object(CInlineAction), Array)
#8 /home/admin/nginx/html/yii/framework/web/CWebApplication.php(282): CController->run('index')
#9 /home/admin/nginx/html/yii/framework/web/CWebApplication.php(141): CWebApplication->runController('comment/index/n...')
#10 /home/admin/nginx/html/yii/framework/base/CApplication.php(180): CWebApplication->processRequest()
#11 /home/admin/nginx/html/yii/demos/music_web/index.php(11): CApplication->run()
#12 {main}
REQUEST_URI=/comment/index/nid/4246
HTTP_REFERER=http://www.funmzc.com/comment/index/nid/4246
---
2015/03/23 09:50:09 [error] [system.db.CDbCommand] CDbCommand::fetchAll() failed: SQLSTATE[42S22]: Column not found: 1054 Unknown column 'new' in 'where clause'. The SQL statement executed was: SELECT * FROM `comment` `t` WHERE new=4246.
2015/03/23 09:50:09 [error] [exception.CDbException] exception 'CDbException' with message 'CDbCommand failed to execute the SQL statement: SQLSTATE[42S22]: Column not found: 1054 Unknown column 'new' in 'where clause'' in /home/admin/nginx/html/yii/framework/db/CDbCommand.php:543
Stack trace:
#0 /home/admin/nginx/html/yii/framework/db/CDbCommand.php(396): CDbCommand->queryInternal('fetchAll', Array, Array)
#1 /home/admin/nginx/html/yii/framework/db/ar/CActiveRecord.php(1351): CDbCommand->queryAll()
#2 /home/admin/nginx/html/yii/framework/db/ar/CActiveRecord.php(1470): CActiveRecord->query(Object(CDbCriteria), true)
#3 /home/admin/nginx/html/yii/demos/music_web/protected/controllers/CommentController.php(75): CActiveRecord->findAll(Object(CDbCriteria))
#4 /home/admin/nginx/html/yii/framework/web/actions/CInlineAction.php(49): CommentController->actionIndex()
#5 /home/admin/nginx/html/yii/framework/web/CController.php(308): CInlineAction->runWithParams(Array)
#6 /home/admin/nginx/html/yii/framework/web/CController.php(286): CController->runAction(Object(CInlineAction))
#7 /home/admin/nginx/html/yii/framework/web/CController.php(265): CController->runActionWithFilters(Object(CInlineAction), Array)
#8 /home/admin/nginx/html/yii/framework/web/CWebApplication.php(282): CController->run('index')
#9 /home/admin/nginx/html/yii/framework/web/CWebApplication.php(141): CWebApplication->runController('comment/index/n...')
#10 /home/admin/nginx/html/yii/framework/base/CApplication.php(180): CWebApplication->processRequest()
#11 /home/admin/nginx/html/yii/demos/music_web/index.php(11): CApplication->run()
#12 {main}
REQUEST_URI=/comment/index/nid/4246
---
2015/03/23 09:50:09 [error] [system.db.CDbCommand] CDbCommand::fetchAll() failed: SQLSTATE[42S22]: Column not found: 1054 Unknown column 'new' in 'where clause'. The SQL statement executed was: SELECT * FROM `comment` `t` WHERE new=4248.
2015/03/23 09:50:09 [error] [exception.CDbException] exception 'CDbException' with message 'CDbCommand failed to execute the SQL statement: SQLSTATE[42S22]: Column not found: 1054 Unknown column 'new' in 'where clause'' in /home/admin/nginx/html/yii/framework/db/CDbCommand.php:543
Stack trace:
#0 /home/admin/nginx/html/yii/framework/db/CDbCommand.php(396): CDbCommand->queryInternal('fetchAll', Array, Array)
#1 /home/admin/nginx/html/yii/framework/db/ar/CActiveRecord.php(1351): CDbCommand->queryAll()
#2 /home/admin/nginx/html/yii/framework/db/ar/CActiveRecord.php(1470): CActiveRecord->query(Object(CDbCriteria), true)
#3 /home/admin/nginx/html/yii/demos/music_web/protected/controllers/CommentController.php(75): CActiveRecord->findAll(Object(CDbCriteria))
#4 /home/admin/nginx/html/yii/framework/web/actions/CInlineAction.php(49): CommentController->actionIndex()
#5 /home/admin/nginx/html/yii/framework/web/CController.php(308): CInlineAction->runWithParams(Array)
#6 /home/admin/nginx/html/yii/framework/web/CController.php(286): CController->runAction(Object(CInlineAction))
#7 /home/admin/nginx/html/yii/framework/web/CController.php(265): CController->runActionWithFilters(Object(CInlineAction), Array)
#8 /home/admin/nginx/html/yii/framework/web/CWebApplication.php(282): CController->run('index')
#9 /home/admin/nginx/html/yii/framework/web/CWebApplication.php(141): CWebApplication->runController('comment/index/n...')
#10 /home/admin/nginx/html/yii/framework/base/CApplication.php(180): CWebApplication->processRequest()
#11 /home/admin/nginx/html/yii/demos/music_web/index.php(11): CApplication->run()
#12 {main}
REQUEST_URI=/comment/index/nid/4248
HTTP_REFERER=http://www.funmzc.com/comment/index/nid/4248
---
2015/03/23 09:50:10 [error] [system.db.CDbCommand] CDbCommand::fetchAll() failed: SQLSTATE[42S22]: Column not found: 1054 Unknown column 'new' in 'where clause'. The SQL statement executed was: SELECT * FROM `comment` `t` WHERE new=4248.
2015/03/23 09:50:10 [error] [exception.CDbException] exception 'CDbException' with message 'CDbCommand failed to execute the SQL statement: SQLSTATE[42S22]: Column not found: 1054 Unknown column 'new' in 'where clause'' in /home/admin/nginx/html/yii/framework/db/CDbCommand.php:543
Stack trace:
#0 /home/admin/nginx/html/yii/framework/db/CDbCommand.php(396): CDbCommand->queryInternal('fetchAll', Array, Array)
#1 /home/admin/nginx/html/yii/framework/db/ar/CActiveRecord.php(1351): CDbCommand->queryAll()
#2 /home/admin/nginx/html/yii/framework/db/ar/CActiveRecord.php(1470): CActiveRecord->query(Object(CDbCriteria), true)
#3 /home/admin/nginx/html/yii/demos/music_web/protected/controllers/CommentController.php(75): CActiveRecord->findAll(Object(CDbCriteria))
#4 /home/admin/nginx/html/yii/framework/web/actions/CInlineAction.php(49): CommentController->actionIndex()
#5 /home/admin/nginx/html/yii/framework/web/CController.php(308): CInlineAction->runWithParams(Array)
#6 /home/admin/nginx/html/yii/framework/web/CController.php(286): CController->runAction(Object(CInlineAction))
#7 /home/admin/nginx/html/yii/framework/web/CController.php(265): CController->runActionWithFilters(Object(CInlineAction), Array)
#8 /home/admin/nginx/html/yii/framework/web/CWebApplication.php(282): CController->run('index')
#9 /home/admin/nginx/html/yii/framework/web/CWebApplication.php(141): CWebApplication->runController('comment/index/n...')
#10 /home/admin/nginx/html/yii/framework/base/CApplication.php(180): CWebApplication->processRequest()
#11 /home/admin/nginx/html/yii/demos/music_web/index.php(11): CApplication->run()
#12 {main}
REQUEST_URI=/comment/index/nid/4248
---
2015/03/23 09:50:10 [error] [system.db.CDbCommand] CDbCommand::fetchAll() failed: SQLSTATE[42S22]: Column not found: 1054 Unknown column 'new' in 'where clause'. The SQL statement executed was: SELECT * FROM `comment` `t` WHERE new=4250.
2015/03/23 09:50:10 [error] [exception.CDbException] exception 'CDbException' with message 'CDbCommand failed to execute the SQL statement: SQLSTATE[42S22]: Column not found: 1054 Unknown column 'new' in 'where clause'' in /home/admin/nginx/html/yii/framework/db/CDbCommand.php:543
Stack trace:
#0 /home/admin/nginx/html/yii/framework/db/CDbCommand.php(396): CDbCommand->queryInternal('fetchAll', Array, Array)
#1 /home/admin/nginx/html/yii/framework/db/ar/CActiveRecord.php(1351): CDbCommand->queryAll()
#2 /home/admin/nginx/html/yii/framework/db/ar/CActiveRecord.php(1470): CActiveRecord->query(Object(CDbCriteria), true)
#3 /home/admin/nginx/html/yii/demos/music_web/protected/controllers/CommentController.php(75): CActiveRecord->findAll(Object(CDbCriteria))
#4 /home/admin/nginx/html/yii/framework/web/actions/CInlineAction.php(49): CommentController->actionIndex()
#5 /home/admin/nginx/html/yii/framework/web/CController.php(308): CInlineAction->runWithParams(Array)
#6 /home/admin/nginx/html/yii/framework/web/CController.php(286): CController->runAction(Object(CInlineAction))
#7 /home/admin/nginx/html/yii/framework/web/CController.php(265): CController->runActionWithFilters(Object(CInlineAction), Array)
#8 /home/admin/nginx/html/yii/framework/web/CWebApplication.php(282): CController->run('index')
#9 /home/admin/nginx/html/yii/framework/web/CWebApplication.php(141): CWebApplication->runController('comment/index/n...')
#10 /home/admin/nginx/html/yii/framework/base/CApplication.php(180): CWebApplication->processRequest()
#11 /home/admin/nginx/html/yii/demos/music_web/index.php(11): CApplication->run()
#12 {main}
REQUEST_URI=/comment/index/nid/4250
HTTP_REFERER=http://www.funmzc.com/comment/index/nid/4250
---
2015/03/23 09:50:11 [error] [system.db.CDbCommand] CDbCommand::fetchAll() failed: SQLSTATE[42S22]: Column not found: 1054 Unknown column 'new' in 'where clause'. The SQL statement executed was: SELECT * FROM `comment` `t` WHERE new=4250.
2015/03/23 09:50:11 [error] [exception.CDbException] exception 'CDbException' with message 'CDbCommand failed to execute the SQL statement: SQLSTATE[42S22]: Column not found: 1054 Unknown column 'new' in 'where clause'' in /home/admin/nginx/html/yii/framework/db/CDbCommand.php:543
Stack trace:
#0 /home/admin/nginx/html/yii/framework/db/CDbCommand.php(396): CDbCommand->queryInternal('fetchAll', Array, Array)
#1 /home/admin/nginx/html/yii/framework/db/ar/CActiveRecord.php(1351): CDbCommand->queryAll()
#2 /home/admin/nginx/html/yii/framework/db/ar/CActiveRecord.php(1470): CActiveRecord->query(Object(CDbCriteria), true)
#3 /home/admin/nginx/html/yii/demos/music_web/protected/controllers/CommentController.php(75): CActiveRecord->findAll(Object(CDbCriteria))
#4 /home/admin/nginx/html/yii/framework/web/actions/CInlineAction.php(49): CommentController->actionIndex()
#5 /home/admin/nginx/html/yii/framework/web/CController.php(308): CInlineAction->runWithParams(Array)
#6 /home/admin/nginx/html/yii/framework/web/CController.php(286): CController->runAction(Object(CInlineAction))
#7 /home/admin/nginx/html/yii/framework/web/CController.php(265): CController->runActionWithFilters(Object(CInlineAction), Array)
#8 /home/admin/nginx/html/yii/framework/web/CWebApplication.php(282): CController->run('index')
#9 /home/admin/nginx/html/yii/framework/web/CWebApplication.php(141): CWebApplication->runController('comment/index/n...')
#10 /home/admin/nginx/html/yii/framework/base/CApplication.php(180): CWebApplication->processRequest()
#11 /home/admin/nginx/html/yii/demos/music_web/index.php(11): CApplication->run()
#12 {main}
REQUEST_URI=/comment/index/nid/4250
---
2015/03/23 09:50:11 [error] [system.db.CDbCommand] CDbCommand::fetchAll() failed: SQLSTATE[42S22]: Column not found: 1054 Unknown column 'new' in 'where clause'. The SQL statement executed was: SELECT * FROM `comment` `t` WHERE new=4251.
2015/03/23 09:50:11 [error] [exception.CDbException] exception 'CDbException' with message 'CDbCommand failed to execute the SQL statement: SQLSTATE[42S22]: Column not found: 1054 Unknown column 'new' in 'where clause'' in /home/admin/nginx/html/yii/framework/db/CDbCommand.php:543
Stack trace:
#0 /home/admin/nginx/html/yii/framework/db/CDbCommand.php(396): CDbCommand->queryInternal('fetchAll', Array, Array)
#1 /home/admin/nginx/html/yii/framework/db/ar/CActiveRecord.php(1351): CDbCommand->queryAll()
#2 /home/admin/nginx/html/yii/framework/db/ar/CActiveRecord.php(1470): CActiveRecord->query(Object(CDbCriteria), true)
#3 /home/admin/nginx/html/yii/demos/music_web/protected/controllers/CommentController.php(75): CActiveRecord->findAll(Object(CDbCriteria))
#4 /home/admin/nginx/html/yii/framework/web/actions/CInlineAction.php(49): CommentController->actionIndex()
#5 /home/admin/nginx/html/yii/framework/web/CController.php(308): CInlineAction->runWithParams(Array)
#6 /home/admin/nginx/html/yii/framework/web/CController.php(286): CController->runAction(Object(CInlineAction))
#7 /home/admin/nginx/html/yii/framework/web/CController.php(265): CController->runActionWithFilters(Object(CInlineAction), Array)
#8 /home/admin/nginx/html/yii/framework/web/CWebApplication.php(282): CController->run('index')
#9 /home/admin/nginx/html/yii/framework/web/CWebApplication.php(141): CWebApplication->runController('comment/index/n...')
#10 /home/admin/nginx/html/yii/framework/base/CApplication.php(180): CWebApplication->processRequest()
#11 /home/admin/nginx/html/yii/demos/music_web/index.php(11): CApplication->run()
#12 {main}
REQUEST_URI=/comment/index/nid/4251
HTTP_REFERER=http://www.funmzc.com/comment/index/nid/4251
---
2015/03/23 09:50:12 [error] [system.db.CDbCommand] CDbCommand::fetchAll() failed: SQLSTATE[42S22]: Column not found: 1054 Unknown column 'new' in 'where clause'. The SQL statement executed was: SELECT * FROM `comment` `t` WHERE new=4251.
2015/03/23 09:50:12 [error] [exception.CDbException] exception 'CDbException' with message 'CDbCommand failed to execute the SQL statement: SQLSTATE[42S22]: Column not found: 1054 Unknown column 'new' in 'where clause'' in /home/admin/nginx/html/yii/framework/db/CDbCommand.php:543
Stack trace:
#0 /home/admin/nginx/html/yii/framework/db/CDbCommand.php(396): CDbCommand->queryInternal('fetchAll', Array, Array)
#1 /home/admin/nginx/html/yii/framework/db/ar/CActiveRecord.php(1351): CDbCommand->queryAll()
#2 /home/admin/nginx/html/yii/framework/db/ar/CActiveRecord.php(1470): CActiveRecord->query(Object(CDbCriteria), true)
#3 /home/admin/nginx/html/yii/demos/music_web/protected/controllers/CommentController.php(75): CActiveRecord->findAll(Object(CDbCriteria))
#4 /home/admin/nginx/html/yii/framework/web/actions/CInlineAction.php(49): CommentController->actionIndex()
#5 /home/admin/nginx/html/yii/framework/web/CController.php(308): CInlineAction->runWithParams(Array)
#6 /home/admin/nginx/html/yii/framework/web/CController.php(286): CController->runAction(Object(CInlineAction))
#7 /home/admin/nginx/html/yii/framework/web/CController.php(265): CController->runActionWithFilters(Object(CInlineAction), Array)
#8 /home/admin/nginx/html/yii/framework/web/CWebApplication.php(282): CController->run('index')
#9 /home/admin/nginx/html/yii/framework/web/CWebApplication.php(141): CWebApplication->runController('comment/index/n...')
#10 /home/admin/nginx/html/yii/framework/base/CApplication.php(180): CWebApplication->processRequest()
#11 /home/admin/nginx/html/yii/demos/music_web/index.php(11): CApplication->run()
#12 {main}
REQUEST_URI=/comment/index/nid/4251
---
2015/03/23 09:50:12 [error] [system.db.CDbCommand] CDbCommand::fetchAll() failed: SQLSTATE[42S22]: Column not found: 1054 Unknown column 'new' in 'where clause'. The SQL statement executed was: SELECT * FROM `comment` `t` WHERE new=4252.
2015/03/23 09:50:12 [error] [exception.CDbException] exception 'CDbException' with message 'CDbCommand failed to execute the SQL statement: SQLSTATE[42S22]: Column not found: 1054 Unknown column 'new' in 'where clause'' in /home/admin/nginx/html/yii/framework/db/CDbCommand.php:543
Stack trace:
#0 /home/admin/nginx/html/yii/framework/db/CDbCommand.php(396): CDbCommand->queryInternal('fetchAll', Array, Array)
#1 /home/admin/nginx/html/yii/framework/db/ar/CActiveRecord.php(1351): CDbCommand->queryAll()
#2 /home/admin/nginx/html/yii/framework/db/ar/CActiveRecord.php(1470): CActiveRecord->query(Object(CDbCriteria), true)
#3 /home/admin/nginx/html/yii/demos/music_web/protected/controllers/CommentController.php(75): CActiveRecord->findAll(Object(CDbCriteria))
#4 /home/admin/nginx/html/yii/framework/web/actions/CInlineAction.php(49): CommentController->actionIndex()
#5 /home/admin/nginx/html/yii/framework/web/CController.php(308): CInlineAction->runWithParams(Array)
#6 /home/admin/nginx/html/yii/framework/web/CController.php(286): CController->runAction(Object(CInlineAction))
#7 /home/admin/nginx/html/yii/framework/web/CController.php(265): CController->runActionWithFilters(Object(CInlineAction), Array)
#8 /home/admin/nginx/html/yii/framework/web/CWebApplication.php(282): CController->run('index')
#9 /home/admin/nginx/html/yii/framework/web/CWebApplication.php(141): CWebApplication->runController('comment/index/n...')
#10 /home/admin/nginx/html/yii/framework/base/CApplication.php(180): CWebApplication->processRequest()
#11 /home/admin/nginx/html/yii/demos/music_web/index.php(11): CApplication->run()
#12 {main}
REQUEST_URI=/comment/index/nid/4252
HTTP_REFERER=http://www.funmzc.com/comment/index/nid/4252
---
2015/03/23 09:50:12 [error] [system.db.CDbCommand] CDbCommand::fetchAll() failed: SQLSTATE[42S22]: Column not found: 1054 Unknown column 'new' in 'where clause'. The SQL statement executed was: SELECT * FROM `comment` `t` WHERE new=4252.
2015/03/23 09:50:12 [error] [exception.CDbException] exception 'CDbException' with message 'CDbCommand failed to execute the SQL statement: SQLSTATE[42S22]: Column not found: 1054 Unknown column 'new' in 'where clause'' in /home/admin/nginx/html/yii/framework/db/CDbCommand.php:543
Stack trace:
#0 /home/admin/nginx/html/yii/framework/db/CDbCommand.php(396): CDbCommand->queryInternal('fetchAll', Array, Array)
#1 /home/admin/nginx/html/yii/framework/db/ar/CActiveRecord.php(1351): CDbCommand->queryAll()
#2 /home/admin/nginx/html/yii/framework/db/ar/CActiveRecord.php(1470): CActiveRecord->query(Object(CDbCriteria), true)
#3 /home/admin/nginx/html/yii/demos/music_web/protected/controllers/CommentController.php(75): CActiveRecord->findAll(Object(CDbCriteria))
#4 /home/admin/nginx/html/yii/framework/web/actions/CInlineAction.php(49): CommentController->actionIndex()
#5 /home/admin/nginx/html/yii/framework/web/CController.php(308): CInlineAction->runWithParams(Array)
#6 /home/admin/nginx/html/yii/framework/web/CController.php(286): CController->runAction(Object(CInlineAction))
#7 /home/admin/nginx/html/yii/framework/web/CController.php(265): CController->runActionWithFilters(Object(CInlineAction), Array)
#8 /home/admin/nginx/html/yii/framework/web/CWebApplication.php(282): CController->run('index')
#9 /home/admin/nginx/html/yii/framework/web/CWebApplication.php(141): CWebApplication->runController('comment/index/n...')
#10 /home/admin/nginx/html/yii/framework/base/CApplication.php(180): CWebApplication->processRequest()
#11 /home/admin/nginx/html/yii/demos/music_web/index.php(11): CApplication->run()
#12 {main}
REQUEST_URI=/comment/index/nid/4252
---
2015/03/23 09:50:13 [error] [system.db.CDbCommand] CDbCommand::fetchAll() failed: SQLSTATE[42S22]: Column not found: 1054 Unknown column 'new' in 'where clause'. The SQL statement executed was: SELECT * FROM `comment` `t` WHERE new=4254.
2015/03/23 09:50:13 [error] [exception.CDbException] exception 'CDbException' with message 'CDbCommand failed to execute the SQL statement: SQLSTATE[42S22]: Column not found: 1054 Unknown column 'new' in 'where clause'' in /home/admin/nginx/html/yii/framework/db/CDbCommand.php:543
Stack trace:
#0 /home/admin/nginx/html/yii/framework/db/CDbCommand.php(396): CDbCommand->queryInternal('fetchAll', Array, Array)
#1 /home/admin/nginx/html/yii/framework/db/ar/CActiveRecord.php(1351): CDbCommand->queryAll()
#2 /home/admin/nginx/html/yii/framework/db/ar/CActiveRecord.php(1470): CActiveRecord->query(Object(CDbCriteria), true)
#3 /home/admin/nginx/html/yii/demos/music_web/protected/controllers/CommentController.php(75): CActiveRecord->findAll(Object(CDbCriteria))
#4 /home/admin/nginx/html/yii/framework/web/actions/CInlineAction.php(49): CommentController->actionIndex()
#5 /home/admin/nginx/html/yii/framework/web/CController.php(308): CInlineAction->runWithParams(Array)
#6 /home/admin/nginx/html/yii/framework/web/CController.php(286): CController->runAction(Object(CInlineAction))
#7 /home/admin/nginx/html/yii/framework/web/CController.php(265): CController->runActionWithFilters(Object(CInlineAction), Array)
#8 /home/admin/nginx/html/yii/framework/web/CWebApplication.php(282): CController->run('index')
#9 /home/admin/nginx/html/yii/framework/web/CWebApplication.php(141): CWebApplication->runController('comment/index/n...')
#10 /home/admin/nginx/html/yii/framework/base/CApplication.php(180): CWebApplication->processRequest()
#11 /home/admin/nginx/html/yii/demos/music_web/index.php(11): CApplication->run()
#12 {main}
REQUEST_URI=/comment/index/nid/4254
HTTP_REFERER=http://www.funmzc.com/comment/index/nid/4254
---
2015/03/23 09:50:13 [error] [system.db.CDbCommand] CDbCommand::fetchAll() failed: SQLSTATE[42S22]: Column not found: 1054 Unknown column 'new' in 'where clause'. The SQL statement executed was: SELECT * FROM `comment` `t` WHERE new=4254.
2015/03/23 09:50:13 [error] [exception.CDbException] exception 'CDbException' with message 'CDbCommand failed to execute the SQL statement: SQLSTATE[42S22]: Column not found: 1054 Unknown column 'new' in 'where clause'' in /home/admin/nginx/html/yii/framework/db/CDbCommand.php:543
Stack trace:
#0 /home/admin/nginx/html/yii/framework/db/CDbCommand.php(396): CDbCommand->queryInternal('fetchAll', Array, Array)
#1 /home/admin/nginx/html/yii/framework/db/ar/CActiveRecord.php(1351): CDbCommand->queryAll()
#2 /home/admin/nginx/html/yii/framework/db/ar/CActiveRecord.php(1470): CActiveRecord->query(Object(CDbCriteria), true)
#3 /home/admin/nginx/html/yii/demos/music_web/protected/controllers/CommentController.php(75): CActiveRecord->findAll(Object(CDbCriteria))
#4 /home/admin/nginx/html/yii/framework/web/actions/CInlineAction.php(49): CommentController->actionIndex()
#5 /home/admin/nginx/html/yii/framework/web/CController.php(308): CInlineAction->runWithParams(Array)
#6 /home/admin/nginx/html/yii/framework/web/CController.php(286): CController->runAction(Object(CInlineAction))
#7 /home/admin/nginx/html/yii/framework/web/CController.php(265): CController->runActionWithFilters(Object(CInlineAction), Array)
#8 /home/admin/nginx/html/yii/framework/web/CWebApplication.php(282): CController->run('index')
#9 /home/admin/nginx/html/yii/framework/web/CWebApplication.php(141): CWebApplication->runController('comment/index/n...')
#10 /home/admin/nginx/html/yii/framework/base/CApplication.php(180): CWebApplication->processRequest()
#11 /home/admin/nginx/html/yii/demos/music_web/index.php(11): CApplication->run()
#12 {main}
REQUEST_URI=/comment/index/nid/4254
---
2015/03/23 09:50:14 [error] [system.db.CDbCommand] CDbCommand::fetchAll() failed: SQLSTATE[42S22]: Column not found: 1054 Unknown column 'new' in 'where clause'. The SQL statement executed was: SELECT * FROM `comment` `t` WHERE new=4255.
2015/03/23 09:50:14 [error] [exception.CDbException] exception 'CDbException' with message 'CDbCommand failed to execute the SQL statement: SQLSTATE[42S22]: Column not found: 1054 Unknown column 'new' in 'where clause'' in /home/admin/nginx/html/yii/framework/db/CDbCommand.php:543
Stack trace:
#0 /home/admin/nginx/html/yii/framework/db/CDbCommand.php(396): CDbCommand->queryInternal('fetchAll', Array, Array)
#1 /home/admin/nginx/html/yii/framework/db/ar/CActiveRecord.php(1351): CDbCommand->queryAll()
#2 /home/admin/nginx/html/yii/framework/db/ar/CActiveRecord.php(1470): CActiveRecord->query(Object(CDbCriteria), true)
#3 /home/admin/nginx/html/yii/demos/music_web/protected/controllers/CommentController.php(75): CActiveRecord->findAll(Object(CDbCriteria))
#4 /home/admin/nginx/html/yii/framework/web/actions/CInlineAction.php(49): CommentController->actionIndex()
#5 /home/admin/nginx/html/yii/framework/web/CController.php(308): CInlineAction->runWithParams(Array)
#6 /home/admin/nginx/html/yii/framework/web/CController.php(286): CController->runAction(Object(CInlineAction))
#7 /home/admin/nginx/html/yii/framework/web/CController.php(265): CController->runActionWithFilters(Object(CInlineAction), Array)
#8 /home/admin/nginx/html/yii/framework/web/CWebApplication.php(282): CController->run('index')
#9 /home/admin/nginx/html/yii/framework/web/CWebApplication.php(141): CWebApplication->runController('comment/index/n...')
#10 /home/admin/nginx/html/yii/framework/base/CApplication.php(180): CWebApplication->processRequest()
#11 /home/admin/nginx/html/yii/demos/music_web/index.php(11): CApplication->run()
#12 {main}
REQUEST_URI=/comment/index/nid/4255
HTTP_REFERER=http://www.funmzc.com/comment/index/nid/4255
---
2015/03/23 09:50:14 [error] [system.db.CDbCommand] CDbCommand::fetchAll() failed: SQLSTATE[42S22]: Column not found: 1054 Unknown column 'new' in 'where clause'. The SQL statement executed was: SELECT * FROM `comment` `t` WHERE new=4255.
2015/03/23 09:50:14 [error] [exception.CDbException] exception 'CDbException' with message 'CDbCommand failed to execute the SQL statement: SQLSTATE[42S22]: Column not found: 1054 Unknown column 'new' in 'where clause'' in /home/admin/nginx/html/yii/framework/db/CDbCommand.php:543
Stack trace:
#0 /home/admin/nginx/html/yii/framework/db/CDbCommand.php(396): CDbCommand->queryInternal('fetchAll', Array, Array)
#1 /home/admin/nginx/html/yii/framework/db/ar/CActiveRecord.php(1351): CDbCommand->queryAll()
#2 /home/admin/nginx/html/yii/framework/db/ar/CActiveRecord.php(1470): CActiveRecord->query(Object(CDbCriteria), true)
#3 /home/admin/nginx/html/yii/demos/music_web/protected/controllers/CommentController.php(75): CActiveRecord->findAll(Object(CDbCriteria))
#4 /home/admin/nginx/html/yii/framework/web/actions/CInlineAction.php(49): CommentController->actionIndex()
#5 /home/admin/nginx/html/yii/framework/web/CController.php(308): CInlineAction->runWithParams(Array)
#6 /home/admin/nginx/html/yii/framework/web/CController.php(286): CController->runAction(Object(CInlineAction))
#7 /home/admin/nginx/html/yii/framework/web/CController.php(265): CController->runActionWithFilters(Object(CInlineAction), Array)
#8 /home/admin/nginx/html/yii/framework/web/CWebApplication.php(282): CController->run('index')
#9 /home/admin/nginx/html/yii/framework/web/CWebApplication.php(141): CWebApplication->runController('comment/index/n...')
#10 /home/admin/nginx/html/yii/framework/base/CApplication.php(180): CWebApplication->processRequest()
#11 /home/admin/nginx/html/yii/demos/music_web/index.php(11): CApplication->run()
#12 {main}
REQUEST_URI=/comment/index/nid/4255
---
2015/03/23 09:50:15 [error] [system.db.CDbCommand] CDbCommand::fetchAll() failed: SQLSTATE[42S22]: Column not found: 1054 Unknown column 'new' in 'where clause'. The SQL statement executed was: SELECT * FROM `comment` `t` WHERE new=4262.
2015/03/23 09:50:15 [error] [exception.CDbException] exception 'CDbException' with message 'CDbCommand failed to execute the SQL statement: SQLSTATE[42S22]: Column not found: 1054 Unknown column 'new' in 'where clause'' in /home/admin/nginx/html/yii/framework/db/CDbCommand.php:543
Stack trace:
#0 /home/admin/nginx/html/yii/framework/db/CDbCommand.php(396): CDbCommand->queryInternal('fetchAll', Array, Array)
#1 /home/admin/nginx/html/yii/framework/db/ar/CActiveRecord.php(1351): CDbCommand->queryAll()
#2 /home/admin/nginx/html/yii/framework/db/ar/CActiveRecord.php(1470): CActiveRecord->query(Object(CDbCriteria), true)
#3 /home/admin/nginx/html/yii/demos/music_web/protected/controllers/CommentController.php(75): CActiveRecord->findAll(Object(CDbCriteria))
#4 /home/admin/nginx/html/yii/framework/web/actions/CInlineAction.php(49): CommentController->actionIndex()
#5 /home/admin/nginx/html/yii/framework/web/CController.php(308): CInlineAction->runWithParams(Array)
#6 /home/admin/nginx/html/yii/framework/web/CController.php(286): CController->runAction(Object(CInlineAction))
#7 /home/admin/nginx/html/yii/framework/web/CController.php(265): CController->runActionWithFilters(Object(CInlineAction), Array)
#8 /home/admin/nginx/html/yii/framework/web/CWebApplication.php(282): CController->run('index')
#9 /home/admin/nginx/html/yii/framework/web/CWebApplication.php(141): CWebApplication->runController('comment/index/n...')
#10 /home/admin/nginx/html/yii/framework/base/CApplication.php(180): CWebApplication->processRequest()
#11 /home/admin/nginx/html/yii/demos/music_web/index.php(11): CApplication->run()
#12 {main}
REQUEST_URI=/comment/index/nid/4262
HTTP_REFERER=http://www.funmzc.com/comment/index/nid/4262
---
2015/03/23 09:50:15 [error] [system.db.CDbCommand] CDbCommand::fetchAll() failed: SQLSTATE[42S22]: Column not found: 1054 Unknown column 'new' in 'where clause'. The SQL statement executed was: SELECT * FROM `comment` `t` WHERE new=4263.
2015/03/23 09:50:15 [error] [exception.CDbException] exception 'CDbException' with message 'CDbCommand failed to execute the SQL statement: SQLSTATE[42S22]: Column not found: 1054 Unknown column 'new' in 'where clause'' in /home/admin/nginx/html/yii/framework/db/CDbCommand.php:543
Stack trace:
#0 /home/admin/nginx/html/yii/framework/db/CDbCommand.php(396): CDbCommand->queryInternal('fetchAll', Array, Array)
#1 /home/admin/nginx/html/yii/framework/db/ar/CActiveRecord.php(1351): CDbCommand->queryAll()
#2 /home/admin/nginx/html/yii/framework/db/ar/CActiveRecord.php(1470): CActiveRecord->query(Object(CDbCriteria), true)
#3 /home/admin/nginx/html/yii/demos/music_web/protected/controllers/CommentController.php(75): CActiveRecord->findAll(Object(CDbCriteria))
#4 /home/admin/nginx/html/yii/framework/web/actions/CInlineAction.php(49): CommentController->actionIndex()
#5 /home/admin/nginx/html/yii/framework/web/CController.php(308): CInlineAction->runWithParams(Array)
#6 /home/admin/nginx/html/yii/framework/web/CController.php(286): CController->runAction(Object(CInlineAction))
#7 /home/admin/nginx/html/yii/framework/web/CController.php(265): CController->runActionWithFilters(Object(CInlineAction), Array)
#8 /home/admin/nginx/html/yii/framework/web/CWebApplication.php(282): CController->run('index')
#9 /home/admin/nginx/html/yii/framework/web/CWebApplication.php(141): CWebApplication->runController('comment/index/n...')
#10 /home/admin/nginx/html/yii/framework/base/CApplication.php(180): CWebApplication->processRequest()
#11 /home/admin/nginx/html/yii/demos/music_web/index.php(11): CApplication->run()
#12 {main}
REQUEST_URI=/comment/index/nid/4263
HTTP_REFERER=http://www.funmzc.com/comment/index/nid/4263
---
2015/03/23 09:50:15 [error] [system.db.CDbCommand] CDbCommand::fetchAll() failed: SQLSTATE[42S22]: Column not found: 1054 Unknown column 'new' in 'where clause'. The SQL statement executed was: SELECT * FROM `comment` `t` WHERE new=4262.
2015/03/23 09:50:15 [error] [exception.CDbException] exception 'CDbException' with message 'CDbCommand failed to execute the SQL statement: SQLSTATE[42S22]: Column not found: 1054 Unknown column 'new' in 'where clause'' in /home/admin/nginx/html/yii/framework/db/CDbCommand.php:543
Stack trace:
#0 /home/admin/nginx/html/yii/framework/db/CDbCommand.php(396): CDbCommand->queryInternal('fetchAll', Array, Array)
#1 /home/admin/nginx/html/yii/framework/db/ar/CActiveRecord.php(1351): CDbCommand->queryAll()
#2 /home/admin/nginx/html/yii/framework/db/ar/CActiveRecord.php(1470): CActiveRecord->query(Object(CDbCriteria), true)
#3 /home/admin/nginx/html/yii/demos/music_web/protected/controllers/CommentController.php(75): CActiveRecord->findAll(Object(CDbCriteria))
#4 /home/admin/nginx/html/yii/framework/web/actions/CInlineAction.php(49): CommentController->actionIndex()
#5 /home/admin/nginx/html/yii/framework/web/CController.php(308): CInlineAction->runWithParams(Array)
#6 /home/admin/nginx/html/yii/framework/web/CController.php(286): CController->runAction(Object(CInlineAction))
#7 /home/admin/nginx/html/yii/framework/web/CController.php(265): CController->runActionWithFilters(Object(CInlineAction), Array)
#8 /home/admin/nginx/html/yii/framework/web/CWebApplication.php(282): CController->run('index')
#9 /home/admin/nginx/html/yii/framework/web/CWebApplication.php(141): CWebApplication->runController('comment/index/n...')
#10 /home/admin/nginx/html/yii/framework/base/CApplication.php(180): CWebApplication->processRequest()
#11 /home/admin/nginx/html/yii/demos/music_web/index.php(11): CApplication->run()
#12 {main}
REQUEST_URI=/comment/index/nid/4262
---
2015/03/23 09:50:16 [error] [system.db.CDbCommand] CDbCommand::fetchAll() failed: SQLSTATE[42S22]: Column not found: 1054 Unknown column 'new' in 'where clause'. The SQL statement executed was: SELECT * FROM `comment` `t` WHERE new=4263.
2015/03/23 09:50:16 [error] [exception.CDbException] exception 'CDbException' with message 'CDbCommand failed to execute the SQL statement: SQLSTATE[42S22]: Column not found: 1054 Unknown column 'new' in 'where clause'' in /home/admin/nginx/html/yii/framework/db/CDbCommand.php:543
Stack trace:
#0 /home/admin/nginx/html/yii/framework/db/CDbCommand.php(396): CDbCommand->queryInternal('fetchAll', Array, Array)
#1 /home/admin/nginx/html/yii/framework/db/ar/CActiveRecord.php(1351): CDbCommand->queryAll()
#2 /home/admin/nginx/html/yii/framework/db/ar/CActiveRecord.php(1470): CActiveRecord->query(Object(CDbCriteria), true)
#3 /home/admin/nginx/html/yii/demos/music_web/protected/controllers/CommentController.php(75): CActiveRecord->findAll(Object(CDbCriteria))
#4 /home/admin/nginx/html/yii/framework/web/actions/CInlineAction.php(49): CommentController->actionIndex()
#5 /home/admin/nginx/html/yii/framework/web/CController.php(308): CInlineAction->runWithParams(Array)
#6 /home/admin/nginx/html/yii/framework/web/CController.php(286): CController->runAction(Object(CInlineAction))
#7 /home/admin/nginx/html/yii/framework/web/CController.php(265): CController->runActionWithFilters(Object(CInlineAction), Array)
#8 /home/admin/nginx/html/yii/framework/web/CWebApplication.php(282): CController->run('index')
#9 /home/admin/nginx/html/yii/framework/web/CWebApplication.php(141): CWebApplication->runController('comment/index/n...')
#10 /home/admin/nginx/html/yii/framework/base/CApplication.php(180): CWebApplication->processRequest()
#11 /home/admin/nginx/html/yii/demos/music_web/index.php(11): CApplication->run()
#12 {main}
REQUEST_URI=/comment/index/nid/4263
---
2015/03/23 09:50:16 [error] [system.db.CDbCommand] CDbCommand::fetchAll() failed: SQLSTATE[42S22]: Column not found: 1054 Unknown column 'new' in 'where clause'. The SQL statement executed was: SELECT * FROM `comment` `t` WHERE new=4264.
2015/03/23 09:50:16 [error] [exception.CDbException] exception 'CDbException' with message 'CDbCommand failed to execute the SQL statement: SQLSTATE[42S22]: Column not found: 1054 Unknown column 'new' in 'where clause'' in /home/admin/nginx/html/yii/framework/db/CDbCommand.php:543
Stack trace:
#0 /home/admin/nginx/html/yii/framework/db/CDbCommand.php(396): CDbCommand->queryInternal('fetchAll', Array, Array)
#1 /home/admin/nginx/html/yii/framework/db/ar/CActiveRecord.php(1351): CDbCommand->queryAll()
#2 /home/admin/nginx/html/yii/framework/db/ar/CActiveRecord.php(1470): CActiveRecord->query(Object(CDbCriteria), true)
#3 /home/admin/nginx/html/yii/demos/music_web/protected/controllers/CommentController.php(75): CActiveRecord->findAll(Object(CDbCriteria))
#4 /home/admin/nginx/html/yii/framework/web/actions/CInlineAction.php(49): CommentController->actionIndex()
#5 /home/admin/nginx/html/yii/framework/web/CController.php(308): CInlineAction->runWithParams(Array)
#6 /home/admin/nginx/html/yii/framework/web/CController.php(286): CController->runAction(Object(CInlineAction))
#7 /home/admin/nginx/html/yii/framework/web/CController.php(265): CController->runActionWithFilters(Object(CInlineAction), Array)
#8 /home/admin/nginx/html/yii/framework/web/CWebApplication.php(282): CController->run('index')
#9 /home/admin/nginx/html/yii/framework/web/CWebApplication.php(141): CWebApplication->runController('comment/index/n...')
#10 /home/admin/nginx/html/yii/framework/base/CApplication.php(180): CWebApplication->processRequest()
#11 /home/admin/nginx/html/yii/demos/music_web/index.php(11): CApplication->run()
#12 {main}
REQUEST_URI=/comment/index/nid/4264
HTTP_REFERER=http://www.funmzc.com/comment/index/nid/4264
---
2015/03/23 09:50:17 [error] [system.db.CDbCommand] CDbCommand::fetchAll() failed: SQLSTATE[42S22]: Column not found: 1054 Unknown column 'new' in 'where clause'. The SQL statement executed was: SELECT * FROM `comment` `t` WHERE new=4264.
2015/03/23 09:50:17 [error] [exception.CDbException] exception 'CDbException' with message 'CDbCommand failed to execute the SQL statement: SQLSTATE[42S22]: Column not found: 1054 Unknown column 'new' in 'where clause'' in /home/admin/nginx/html/yii/framework/db/CDbCommand.php:543
Stack trace:
#0 /home/admin/nginx/html/yii/framework/db/CDbCommand.php(396): CDbCommand->queryInternal('fetchAll', Array, Array)
#1 /home/admin/nginx/html/yii/framework/db/ar/CActiveRecord.php(1351): CDbCommand->queryAll()
#2 /home/admin/nginx/html/yii/framework/db/ar/CActiveRecord.php(1470): CActiveRecord->query(Object(CDbCriteria), true)
#3 /home/admin/nginx/html/yii/demos/music_web/protected/controllers/CommentController.php(75): CActiveRecord->findAll(Object(CDbCriteria))
#4 /home/admin/nginx/html/yii/framework/web/actions/CInlineAction.php(49): CommentController->actionIndex()
#5 /home/admin/nginx/html/yii/framework/web/CController.php(308): CInlineAction->runWithParams(Array)
#6 /home/admin/nginx/html/yii/framework/web/CController.php(286): CController->runAction(Object(CInlineAction))
#7 /home/admin/nginx/html/yii/framework/web/CController.php(265): CController->runActionWithFilters(Object(CInlineAction), Array)
#8 /home/admin/nginx/html/yii/framework/web/CWebApplication.php(282): CController->run('index')
#9 /home/admin/nginx/html/yii/framework/web/CWebApplication.php(141): CWebApplication->runController('comment/index/n...')
#10 /home/admin/nginx/html/yii/framework/base/CApplication.php(180): CWebApplication->processRequest()
#11 /home/admin/nginx/html/yii/demos/music_web/index.php(11): CApplication->run()
#12 {main}
REQUEST_URI=/comment/index/nid/4264
---
2015/03/23 09:50:17 [error] [system.db.CDbCommand] CDbCommand::fetchAll() failed: SQLSTATE[42S22]: Column not found: 1054 Unknown column 'new' in 'where clause'. The SQL statement executed was: SELECT * FROM `comment` `t` WHERE new=4266.
2015/03/23 09:50:17 [error] [exception.CDbException] exception 'CDbException' with message 'CDbCommand failed to execute the SQL statement: SQLSTATE[42S22]: Column not found: 1054 Unknown column 'new' in 'where clause'' in /home/admin/nginx/html/yii/framework/db/CDbCommand.php:543
Stack trace:
#0 /home/admin/nginx/html/yii/framework/db/CDbCommand.php(396): CDbCommand->queryInternal('fetchAll', Array, Array)
#1 /home/admin/nginx/html/yii/framework/db/ar/CActiveRecord.php(1351): CDbCommand->queryAll()
#2 /home/admin/nginx/html/yii/framework/db/ar/CActiveRecord.php(1470): CActiveRecord->query(Object(CDbCriteria), true)
#3 /home/admin/nginx/html/yii/demos/music_web/protected/controllers/CommentController.php(75): CActiveRecord->findAll(Object(CDbCriteria))
#4 /home/admin/nginx/html/yii/framework/web/actions/CInlineAction.php(49): CommentController->actionIndex()
#5 /home/admin/nginx/html/yii/framework/web/CController.php(308): CInlineAction->runWithParams(Array)
#6 /home/admin/nginx/html/yii/framework/web/CController.php(286): CController->runAction(Object(CInlineAction))
#7 /home/admin/nginx/html/yii/framework/web/CController.php(265): CController->runActionWithFilters(Object(CInlineAction), Array)
#8 /home/admin/nginx/html/yii/framework/web/CWebApplication.php(282): CController->run('index')
#9 /home/admin/nginx/html/yii/framework/web/CWebApplication.php(141): CWebApplication->runController('comment/index/n...')
#10 /home/admin/nginx/html/yii/framework/base/CApplication.php(180): CWebApplication->processRequest()
#11 /home/admin/nginx/html/yii/demos/music_web/index.php(11): CApplication->run()
#12 {main}
REQUEST_URI=/comment/index/nid/4266
HTTP_REFERER=http://www.funmzc.com/comment/index/nid/4266
---
2015/03/23 09:50:18 [error] [system.db.CDbCommand] CDbCommand::fetchAll() failed: SQLSTATE[42S22]: Column not found: 1054 Unknown column 'new' in 'where clause'. The SQL statement executed was: SELECT * FROM `comment` `t` WHERE new=4266.
2015/03/23 09:50:18 [error] [exception.CDbException] exception 'CDbException' with message 'CDbCommand failed to execute the SQL statement: SQLSTATE[42S22]: Column not found: 1054 Unknown column 'new' in 'where clause'' in /home/admin/nginx/html/yii/framework/db/CDbCommand.php:543
Stack trace:
#0 /home/admin/nginx/html/yii/framework/db/CDbCommand.php(396): CDbCommand->queryInternal('fetchAll', Array, Array)
#1 /home/admin/nginx/html/yii/framework/db/ar/CActiveRecord.php(1351): CDbCommand->queryAll()
#2 /home/admin/nginx/html/yii/framework/db/ar/CActiveRecord.php(1470): CActiveRecord->query(Object(CDbCriteria), true)
#3 /home/admin/nginx/html/yii/demos/music_web/protected/controllers/CommentController.php(75): CActiveRecord->findAll(Object(CDbCriteria))
#4 /home/admin/nginx/html/yii/framework/web/actions/CInlineAction.php(49): CommentController->actionIndex()
#5 /home/admin/nginx/html/yii/framework/web/CController.php(308): CInlineAction->runWithParams(Array)
#6 /home/admin/nginx/html/yii/framework/web/CController.php(286): CController->runAction(Object(CInlineAction))
#7 /home/admin/nginx/html/yii/framework/web/CController.php(265): CController->runActionWithFilters(Object(CInlineAction), Array)
#8 /home/admin/nginx/html/yii/framework/web/CWebApplication.php(282): CController->run('index')
#9 /home/admin/nginx/html/yii/framework/web/CWebApplication.php(141): CWebApplication->runController('comment/index/n...')
#10 /home/admin/nginx/html/yii/framework/base/CApplication.php(180): CWebApplication->processRequest()
#11 /home/admin/nginx/html/yii/demos/music_web/index.php(11): CApplication->run()
#12 {main}
REQUEST_URI=/comment/index/nid/4266
---
2015/03/23 09:50:18 [error] [system.db.CDbCommand] CDbCommand::fetchAll() failed: SQLSTATE[42S22]: Column not found: 1054 Unknown column 'new' in 'where clause'. The SQL statement executed was: SELECT * FROM `comment` `t` WHERE new=4267.
2015/03/23 09:50:18 [error] [exception.CDbException] exception 'CDbException' with message 'CDbCommand failed to execute the SQL statement: SQLSTATE[42S22]: Column not found: 1054 Unknown column 'new' in 'where clause'' in /home/admin/nginx/html/yii/framework/db/CDbCommand.php:543
Stack trace:
#0 /home/admin/nginx/html/yii/framework/db/CDbCommand.php(396): CDbCommand->queryInternal('fetchAll', Array, Array)
#1 /home/admin/nginx/html/yii/framework/db/ar/CActiveRecord.php(1351): CDbCommand->queryAll()
#2 /home/admin/nginx/html/yii/framework/db/ar/CActiveRecord.php(1470): CActiveRecord->query(Object(CDbCriteria), true)
#3 /home/admin/nginx/html/yii/demos/music_web/protected/controllers/CommentController.php(75): CActiveRecord->findAll(Object(CDbCriteria))
#4 /home/admin/nginx/html/yii/framework/web/actions/CInlineAction.php(49): CommentController->actionIndex()
#5 /home/admin/nginx/html/yii/framework/web/CController.php(308): CInlineAction->runWithParams(Array)
#6 /home/admin/nginx/html/yii/framework/web/CController.php(286): CController->runAction(Object(CInlineAction))
#7 /home/admin/nginx/html/yii/framework/web/CController.php(265): CController->runActionWithFilters(Object(CInlineAction), Array)
#8 /home/admin/nginx/html/yii/framework/web/CWebApplication.php(282): CController->run('index')
#9 /home/admin/nginx/html/yii/framework/web/CWebApplication.php(141): CWebApplication->runController('comment/index/n...')
#10 /home/admin/nginx/html/yii/framework/base/CApplication.php(180): CWebApplication->processRequest()
#11 /home/admin/nginx/html/yii/demos/music_web/index.php(11): CApplication->run()
#12 {main}
REQUEST_URI=/comment/index/nid/4267
HTTP_REFERER=http://www.funmzc.com/comment/index/nid/4267
---
2015/03/23 09:50:19 [error] [system.db.CDbCommand] CDbCommand::fetchAll() failed: SQLSTATE[42S22]: Column not found: 1054 Unknown column 'new' in 'where clause'. The SQL statement executed was: SELECT * FROM `comment` `t` WHERE new=4267.
2015/03/23 09:50:19 [error] [exception.CDbException] exception 'CDbException' with message 'CDbCommand failed to execute the SQL statement: SQLSTATE[42S22]: Column not found: 1054 Unknown column 'new' in 'where clause'' in /home/admin/nginx/html/yii/framework/db/CDbCommand.php:543
Stack trace:
#0 /home/admin/nginx/html/yii/framework/db/CDbCommand.php(396): CDbCommand->queryInternal('fetchAll', Array, Array)
#1 /home/admin/nginx/html/yii/framework/db/ar/CActiveRecord.php(1351): CDbCommand->queryAll()
#2 /home/admin/nginx/html/yii/framework/db/ar/CActiveRecord.php(1470): CActiveRecord->query(Object(CDbCriteria), true)
#3 /home/admin/nginx/html/yii/demos/music_web/protected/controllers/CommentController.php(75): CActiveRecord->findAll(Object(CDbCriteria))
#4 /home/admin/nginx/html/yii/framework/web/actions/CInlineAction.php(49): CommentController->actionIndex()
#5 /home/admin/nginx/html/yii/framework/web/CController.php(308): CInlineAction->runWithParams(Array)
#6 /home/admin/nginx/html/yii/framework/web/CController.php(286): CController->runAction(Object(CInlineAction))
#7 /home/admin/nginx/html/yii/framework/web/CController.php(265): CController->runActionWithFilters(Object(CInlineAction), Array)
#8 /home/admin/nginx/html/yii/framework/web/CWebApplication.php(282): CController->run('index')
#9 /home/admin/nginx/html/yii/framework/web/CWebApplication.php(141): CWebApplication->runController('comment/index/n...')
#10 /home/admin/nginx/html/yii/framework/base/CApplication.php(180): CWebApplication->processRequest()
#11 /home/admin/nginx/html/yii/demos/music_web/index.php(11): CApplication->run()
#12 {main}
REQUEST_URI=/comment/index/nid/4267
---
2015/03/23 09:50:19 [error] [system.db.CDbCommand] CDbCommand::fetchAll() failed: SQLSTATE[42S22]: Column not found: 1054 Unknown column 'new' in 'where clause'. The SQL statement executed was: SELECT * FROM `comment` `t` WHERE new=4268.
2015/03/23 09:50:19 [error] [exception.CDbException] exception 'CDbException' with message 'CDbCommand failed to execute the SQL statement: SQLSTATE[42S22]: Column not found: 1054 Unknown column 'new' in 'where clause'' in /home/admin/nginx/html/yii/framework/db/CDbCommand.php:543
Stack trace:
#0 /home/admin/nginx/html/yii/framework/db/CDbCommand.php(396): CDbCommand->queryInternal('fetchAll', Array, Array)
#1 /home/admin/nginx/html/yii/framework/db/ar/CActiveRecord.php(1351): CDbCommand->queryAll()
#2 /home/admin/nginx/html/yii/framework/db/ar/CActiveRecord.php(1470): CActiveRecord->query(Object(CDbCriteria), true)
#3 /home/admin/nginx/html/yii/demos/music_web/protected/controllers/CommentController.php(75): CActiveRecord->findAll(Object(CDbCriteria))
#4 /home/admin/nginx/html/yii/framework/web/actions/CInlineAction.php(49): CommentController->actionIndex()
#5 /home/admin/nginx/html/yii/framework/web/CController.php(308): CInlineAction->runWithParams(Array)
#6 /home/admin/nginx/html/yii/framework/web/CController.php(286): CController->runAction(Object(CInlineAction))
#7 /home/admin/nginx/html/yii/framework/web/CController.php(265): CController->runActionWithFilters(Object(CInlineAction), Array)
#8 /home/admin/nginx/html/yii/framework/web/CWebApplication.php(282): CController->run('index')
#9 /home/admin/nginx/html/yii/framework/web/CWebApplication.php(141): CWebApplication->runController('comment/index/n...')
#10 /home/admin/nginx/html/yii/framework/base/CApplication.php(180): CWebApplication->processRequest()
#11 /home/admin/nginx/html/yii/demos/music_web/index.php(11): CApplication->run()
#12 {main}
REQUEST_URI=/comment/index/nid/4268
HTTP_REFERER=http://www.funmzc.com/comment/index/nid/4268
---
2015/03/23 09:50:19 [error] [system.db.CDbCommand] CDbCommand::fetchAll() failed: SQLSTATE[42S22]: Column not found: 1054 Unknown column 'new' in 'where clause'. The SQL statement executed was: SELECT * FROM `comment` `t` WHERE new=4268.
2015/03/23 09:50:19 [error] [exception.CDbException] exception 'CDbException' with message 'CDbCommand failed to execute the SQL statement: SQLSTATE[42S22]: Column not found: 1054 Unknown column 'new' in 'where clause'' in /home/admin/nginx/html/yii/framework/db/CDbCommand.php:543
Stack trace:
#0 /home/admin/nginx/html/yii/framework/db/CDbCommand.php(396): CDbCommand->queryInternal('fetchAll', Array, Array)
#1 /home/admin/nginx/html/yii/framework/db/ar/CActiveRecord.php(1351): CDbCommand->queryAll()
#2 /home/admin/nginx/html/yii/framework/db/ar/CActiveRecord.php(1470): CActiveRecord->query(Object(CDbCriteria), true)
#3 /home/admin/nginx/html/yii/demos/music_web/protected/controllers/CommentController.php(75): CActiveRecord->findAll(Object(CDbCriteria))
#4 /home/admin/nginx/html/yii/framework/web/actions/CInlineAction.php(49): CommentController->actionIndex()
#5 /home/admin/nginx/html/yii/framework/web/CController.php(308): CInlineAction->runWithParams(Array)
#6 /home/admin/nginx/html/yii/framework/web/CController.php(286): CController->runAction(Object(CInlineAction))
#7 /home/admin/nginx/html/yii/framework/web/CController.php(265): CController->runActionWithFilters(Object(CInlineAction), Array)
#8 /home/admin/nginx/html/yii/framework/web/CWebApplication.php(282): CController->run('index')
#9 /home/admin/nginx/html/yii/framework/web/CWebApplication.php(141): CWebApplication->runController('comment/index/n...')
#10 /home/admin/nginx/html/yii/framework/base/CApplication.php(180): CWebApplication->processRequest()
#11 /home/admin/nginx/html/yii/demos/music_web/index.php(11): CApplication->run()
#12 {main}
REQUEST_URI=/comment/index/nid/4268
---
2015/03/23 09:50:20 [error] [system.db.CDbCommand] CDbCommand::fetchAll() failed: SQLSTATE[42S22]: Column not found: 1054 Unknown column 'new' in 'where clause'. The SQL statement executed was: SELECT * FROM `comment` `t` WHERE new=4274.
2015/03/23 09:50:20 [error] [exception.CDbException] exception 'CDbException' with message 'CDbCommand failed to execute the SQL statement: SQLSTATE[42S22]: Column not found: 1054 Unknown column 'new' in 'where clause'' in /home/admin/nginx/html/yii/framework/db/CDbCommand.php:543
Stack trace:
#0 /home/admin/nginx/html/yii/framework/db/CDbCommand.php(396): CDbCommand->queryInternal('fetchAll', Array, Array)
#1 /home/admin/nginx/html/yii/framework/db/ar/CActiveRecord.php(1351): CDbCommand->queryAll()
#2 /home/admin/nginx/html/yii/framework/db/ar/CActiveRecord.php(1470): CActiveRecord->query(Object(CDbCriteria), true)
#3 /home/admin/nginx/html/yii/demos/music_web/protected/controllers/CommentController.php(75): CActiveRecord->findAll(Object(CDbCriteria))
#4 /home/admin/nginx/html/yii/framework/web/actions/CInlineAction.php(49): CommentController->actionIndex()
#5 /home/admin/nginx/html/yii/framework/web/CController.php(308): CInlineAction->runWithParams(Array)
#6 /home/admin/nginx/html/yii/framework/web/CController.php(286): CController->runAction(Object(CInlineAction))
#7 /home/admin/nginx/html/yii/framework/web/CController.php(265): CController->runActionWithFilters(Object(CInlineAction), Array)
#8 /home/admin/nginx/html/yii/framework/web/CWebApplication.php(282): CController->run('index')
#9 /home/admin/nginx/html/yii/framework/web/CWebApplication.php(141): CWebApplication->runController('comment/index/n...')
#10 /home/admin/nginx/html/yii/framework/base/CApplication.php(180): CWebApplication->processRequest()
#11 /home/admin/nginx/html/yii/demos/music_web/index.php(11): CApplication->run()
#12 {main}
REQUEST_URI=/comment/index/nid/4274
HTTP_REFERER=http://www.funmzc.com/comment/index/nid/4274
---
2015/03/23 09:50:20 [error] [system.db.CDbCommand] CDbCommand::fetchAll() failed: SQLSTATE[42S22]: Column not found: 1054 Unknown column 'new' in 'where clause'. The SQL statement executed was: SELECT * FROM `comment` `t` WHERE new=4274.
2015/03/23 09:50:20 [error] [exception.CDbException] exception 'CDbException' with message 'CDbCommand failed to execute the SQL statement: SQLSTATE[42S22]: Column not found: 1054 Unknown column 'new' in 'where clause'' in /home/admin/nginx/html/yii/framework/db/CDbCommand.php:543
Stack trace:
#0 /home/admin/nginx/html/yii/framework/db/CDbCommand.php(396): CDbCommand->queryInternal('fetchAll', Array, Array)
#1 /home/admin/nginx/html/yii/framework/db/ar/CActiveRecord.php(1351): CDbCommand->queryAll()
#2 /home/admin/nginx/html/yii/framework/db/ar/CActiveRecord.php(1470): CActiveRecord->query(Object(CDbCriteria), true)
#3 /home/admin/nginx/html/yii/demos/music_web/protected/controllers/CommentController.php(75): CActiveRecord->findAll(Object(CDbCriteria))
#4 /home/admin/nginx/html/yii/framework/web/actions/CInlineAction.php(49): CommentController->actionIndex()
#5 /home/admin/nginx/html/yii/framework/web/CController.php(308): CInlineAction->runWithParams(Array)
#6 /home/admin/nginx/html/yii/framework/web/CController.php(286): CController->runAction(Object(CInlineAction))
#7 /home/admin/nginx/html/yii/framework/web/CController.php(265): CController->runActionWithFilters(Object(CInlineAction), Array)
#8 /home/admin/nginx/html/yii/framework/web/CWebApplication.php(282): CController->run('index')
#9 /home/admin/nginx/html/yii/framework/web/CWebApplication.php(141): CWebApplication->runController('comment/index/n...')
#10 /home/admin/nginx/html/yii/framework/base/CApplication.php(180): CWebApplication->processRequest()
#11 /home/admin/nginx/html/yii/demos/music_web/index.php(11): CApplication->run()
#12 {main}
REQUEST_URI=/comment/index/nid/4274
---
2015/03/23 09:50:21 [error] [system.db.CDbCommand] CDbCommand::fetchAll() failed: SQLSTATE[42S22]: Column not found: 1054 Unknown column 'new' in 'where clause'. The SQL statement executed was: SELECT * FROM `comment` `t` WHERE new=4282.
2015/03/23 09:50:21 [error] [exception.CDbException] exception 'CDbException' with message 'CDbCommand failed to execute the SQL statement: SQLSTATE[42S22]: Column not found: 1054 Unknown column 'new' in 'where clause'' in /home/admin/nginx/html/yii/framework/db/CDbCommand.php:543
Stack trace:
#0 /home/admin/nginx/html/yii/framework/db/CDbCommand.php(396): CDbCommand->queryInternal('fetchAll', Array, Array)
#1 /home/admin/nginx/html/yii/framework/db/ar/CActiveRecord.php(1351): CDbCommand->queryAll()
#2 /home/admin/nginx/html/yii/framework/db/ar/CActiveRecord.php(1470): CActiveRecord->query(Object(CDbCriteria), true)
#3 /home/admin/nginx/html/yii/demos/music_web/protected/controllers/CommentController.php(75): CActiveRecord->findAll(Object(CDbCriteria))
#4 /home/admin/nginx/html/yii/framework/web/actions/CInlineAction.php(49): CommentController->actionIndex()
#5 /home/admin/nginx/html/yii/framework/web/CController.php(308): CInlineAction->runWithParams(Array)
#6 /home/admin/nginx/html/yii/framework/web/CController.php(286): CController->runAction(Object(CInlineAction))
#7 /home/admin/nginx/html/yii/framework/web/CController.php(265): CController->runActionWithFilters(Object(CInlineAction), Array)
#8 /home/admin/nginx/html/yii/framework/web/CWebApplication.php(282): CController->run('index')
#9 /home/admin/nginx/html/yii/framework/web/CWebApplication.php(141): CWebApplication->runController('comment/index/n...')
#10 /home/admin/nginx/html/yii/framework/base/CApplication.php(180): CWebApplication->processRequest()
#11 /home/admin/nginx/html/yii/demos/music_web/index.php(11): CApplication->run()
#12 {main}
REQUEST_URI=/comment/index/nid/4282
HTTP_REFERER=http://www.funmzc.com/comment/index/nid/4282
---
2015/03/23 09:50:21 [error] [system.db.CDbCommand] CDbCommand::fetchAll() failed: SQLSTATE[42S22]: Column not found: 1054 Unknown column 'new' in 'where clause'. The SQL statement executed was: SELECT * FROM `comment` `t` WHERE new=4282.
2015/03/23 09:50:21 [error] [exception.CDbException] exception 'CDbException' with message 'CDbCommand failed to execute the SQL statement: SQLSTATE[42S22]: Column not found: 1054 Unknown column 'new' in 'where clause'' in /home/admin/nginx/html/yii/framework/db/CDbCommand.php:543
Stack trace:
#0 /home/admin/nginx/html/yii/framework/db/CDbCommand.php(396): CDbCommand->queryInternal('fetchAll', Array, Array)
#1 /home/admin/nginx/html/yii/framework/db/ar/CActiveRecord.php(1351): CDbCommand->queryAll()
#2 /home/admin/nginx/html/yii/framework/db/ar/CActiveRecord.php(1470): CActiveRecord->query(Object(CDbCriteria), true)
#3 /home/admin/nginx/html/yii/demos/music_web/protected/controllers/CommentController.php(75): CActiveRecord->findAll(Object(CDbCriteria))
#4 /home/admin/nginx/html/yii/framework/web/actions/CInlineAction.php(49): CommentController->actionIndex()
#5 /home/admin/nginx/html/yii/framework/web/CController.php(308): CInlineAction->runWithParams(Array)
#6 /home/admin/nginx/html/yii/framework/web/CController.php(286): CController->runAction(Object(CInlineAction))
#7 /home/admin/nginx/html/yii/framework/web/CController.php(265): CController->runActionWithFilters(Object(CInlineAction), Array)
#8 /home/admin/nginx/html/yii/framework/web/CWebApplication.php(282): CController->run('index')
#9 /home/admin/nginx/html/yii/framework/web/CWebApplication.php(141): CWebApplication->runController('comment/index/n...')
#10 /home/admin/nginx/html/yii/framework/base/CApplication.php(180): CWebApplication->processRequest()
#11 /home/admin/nginx/html/yii/demos/music_web/index.php(11): CApplication->run()
#12 {main}
REQUEST_URI=/comment/index/nid/4282
---
2015/03/23 09:50:22 [error] [system.db.CDbCommand] CDbCommand::fetchAll() failed: SQLSTATE[42S22]: Column not found: 1054 Unknown column 'new' in 'where clause'. The SQL statement executed was: SELECT * FROM `comment` `t` WHERE new=4283.
2015/03/23 09:50:22 [error] [exception.CDbException] exception 'CDbException' with message 'CDbCommand failed to execute the SQL statement: SQLSTATE[42S22]: Column not found: 1054 Unknown column 'new' in 'where clause'' in /home/admin/nginx/html/yii/framework/db/CDbCommand.php:543
Stack trace:
#0 /home/admin/nginx/html/yii/framework/db/CDbCommand.php(396): CDbCommand->queryInternal('fetchAll', Array, Array)
#1 /home/admin/nginx/html/yii/framework/db/ar/CActiveRecord.php(1351): CDbCommand->queryAll()
#2 /home/admin/nginx/html/yii/framework/db/ar/CActiveRecord.php(1470): CActiveRecord->query(Object(CDbCriteria), true)
#3 /home/admin/nginx/html/yii/demos/music_web/protected/controllers/CommentController.php(75): CActiveRecord->findAll(Object(CDbCriteria))
#4 /home/admin/nginx/html/yii/framework/web/actions/CInlineAction.php(49): CommentController->actionIndex()
#5 /home/admin/nginx/html/yii/framework/web/CController.php(308): CInlineAction->runWithParams(Array)
#6 /home/admin/nginx/html/yii/framework/web/CController.php(286): CController->runAction(Object(CInlineAction))
#7 /home/admin/nginx/html/yii/framework/web/CController.php(265): CController->runActionWithFilters(Object(CInlineAction), Array)
#8 /home/admin/nginx/html/yii/framework/web/CWebApplication.php(282): CController->run('index')
#9 /home/admin/nginx/html/yii/framework/web/CWebApplication.php(141): CWebApplication->runController('comment/index/n...')
#10 /home/admin/nginx/html/yii/framework/base/CApplication.php(180): CWebApplication->processRequest()
#11 /home/admin/nginx/html/yii/demos/music_web/index.php(11): CApplication->run()
#12 {main}
REQUEST_URI=/comment/index/nid/4283
HTTP_REFERER=http://www.funmzc.com/comment/index/nid/4283
---
2015/03/23 09:50:22 [error] [system.db.CDbCommand] CDbCommand::fetchAll() failed: SQLSTATE[42S22]: Column not found: 1054 Unknown column 'new' in 'where clause'. The SQL statement executed was: SELECT * FROM `comment` `t` WHERE new=4283.
2015/03/23 09:50:22 [error] [exception.CDbException] exception 'CDbException' with message 'CDbCommand failed to execute the SQL statement: SQLSTATE[42S22]: Column not found: 1054 Unknown column 'new' in 'where clause'' in /home/admin/nginx/html/yii/framework/db/CDbCommand.php:543
Stack trace:
#0 /home/admin/nginx/html/yii/framework/db/CDbCommand.php(396): CDbCommand->queryInternal('fetchAll', Array, Array)
#1 /home/admin/nginx/html/yii/framework/db/ar/CActiveRecord.php(1351): CDbCommand->queryAll()
#2 /home/admin/nginx/html/yii/framework/db/ar/CActiveRecord.php(1470): CActiveRecord->query(Object(CDbCriteria), true)
#3 /home/admin/nginx/html/yii/demos/music_web/protected/controllers/CommentController.php(75): CActiveRecord->findAll(Object(CDbCriteria))
#4 /home/admin/nginx/html/yii/framework/web/actions/CInlineAction.php(49): CommentController->actionIndex()
#5 /home/admin/nginx/html/yii/framework/web/CController.php(308): CInlineAction->runWithParams(Array)
#6 /home/admin/nginx/html/yii/framework/web/CController.php(286): CController->runAction(Object(CInlineAction))
#7 /home/admin/nginx/html/yii/framework/web/CController.php(265): CController->runActionWithFilters(Object(CInlineAction), Array)
#8 /home/admin/nginx/html/yii/framework/web/CWebApplication.php(282): CController->run('index')
#9 /home/admin/nginx/html/yii/framework/web/CWebApplication.php(141): CWebApplication->runController('comment/index/n...')
#10 /home/admin/nginx/html/yii/framework/base/CApplication.php(180): CWebApplication->processRequest()
#11 /home/admin/nginx/html/yii/demos/music_web/index.php(11): CApplication->run()
#12 {main}
REQUEST_URI=/comment/index/nid/4283
---
2015/03/23 09:50:22 [error] [system.db.CDbCommand] CDbCommand::fetchAll() failed: SQLSTATE[42S22]: Column not found: 1054 Unknown column 'new' in 'where clause'. The SQL statement executed was: SELECT * FROM `comment` `t` WHERE new=4247.
2015/03/23 09:50:22 [error] [exception.CDbException] exception 'CDbException' with message 'CDbCommand failed to execute the SQL statement: SQLSTATE[42S22]: Column not found: 1054 Unknown column 'new' in 'where clause'' in /home/admin/nginx/html/yii/framework/db/CDbCommand.php:543
Stack trace:
#0 /home/admin/nginx/html/yii/framework/db/CDbCommand.php(396): CDbCommand->queryInternal('fetchAll', Array, Array)
#1 /home/admin/nginx/html/yii/framework/db/ar/CActiveRecord.php(1351): CDbCommand->queryAll()
#2 /home/admin/nginx/html/yii/framework/db/ar/CActiveRecord.php(1470): CActiveRecord->query(Object(CDbCriteria), true)
#3 /home/admin/nginx/html/yii/demos/music_web/protected/controllers/CommentController.php(75): CActiveRecord->findAll(Object(CDbCriteria))
#4 /home/admin/nginx/html/yii/framework/web/actions/CInlineAction.php(49): CommentController->actionIndex()
#5 /home/admin/nginx/html/yii/framework/web/CController.php(308): CInlineAction->runWithParams(Array)
#6 /home/admin/nginx/html/yii/framework/web/CController.php(286): CController->runAction(Object(CInlineAction))
#7 /home/admin/nginx/html/yii/framework/web/CController.php(265): CController->runActionWithFilters(Object(CInlineAction), Array)
#8 /home/admin/nginx/html/yii/framework/web/CWebApplication.php(282): CController->run('index')
#9 /home/admin/nginx/html/yii/framework/web/CWebApplication.php(141): CWebApplication->runController('comment/index/n...')
#10 /home/admin/nginx/html/yii/framework/base/CApplication.php(180): CWebApplication->processRequest()
#11 /home/admin/nginx/html/yii/demos/music_web/index.php(11): CApplication->run()
#12 {main}
REQUEST_URI=/comment/index/nid/4247
HTTP_REFERER=http://www.funmzc.com/comment/index/nid/4247
---
2015/03/23 09:50:23 [error] [system.db.CDbCommand] CDbCommand::fetchAll() failed: SQLSTATE[42S22]: Column not found: 1054 Unknown column 'new' in 'where clause'. The SQL statement executed was: SELECT * FROM `comment` `t` WHERE new=4247.
2015/03/23 09:50:23 [error] [exception.CDbException] exception 'CDbException' with message 'CDbCommand failed to execute the SQL statement: SQLSTATE[42S22]: Column not found: 1054 Unknown column 'new' in 'where clause'' in /home/admin/nginx/html/yii/framework/db/CDbCommand.php:543
Stack trace:
#0 /home/admin/nginx/html/yii/framework/db/CDbCommand.php(396): CDbCommand->queryInternal('fetchAll', Array, Array)
#1 /home/admin/nginx/html/yii/framework/db/ar/CActiveRecord.php(1351): CDbCommand->queryAll()
#2 /home/admin/nginx/html/yii/framework/db/ar/CActiveRecord.php(1470): CActiveRecord->query(Object(CDbCriteria), true)
#3 /home/admin/nginx/html/yii/demos/music_web/protected/controllers/CommentController.php(75): CActiveRecord->findAll(Object(CDbCriteria))
#4 /home/admin/nginx/html/yii/framework/web/actions/CInlineAction.php(49): CommentController->actionIndex()
#5 /home/admin/nginx/html/yii/framework/web/CController.php(308): CInlineAction->runWithParams(Array)
#6 /home/admin/nginx/html/yii/framework/web/CController.php(286): CController->runAction(Object(CInlineAction))
#7 /home/admin/nginx/html/yii/framework/web/CController.php(265): CController->runActionWithFilters(Object(CInlineAction), Array)
#8 /home/admin/nginx/html/yii/framework/web/CWebApplication.php(282): CController->run('index')
#9 /home/admin/nginx/html/yii/framework/web/CWebApplication.php(141): CWebApplication->runController('comment/index/n...')
#10 /home/admin/nginx/html/yii/framework/base/CApplication.php(180): CWebApplication->processRequest()
#11 /home/admin/nginx/html/yii/demos/music_web/index.php(11): CApplication->run()
#12 {main}
REQUEST_URI=/comment/index/nid/4247
---
2015/03/23 09:50:23 [error] [system.db.CDbCommand] CDbCommand::fetchAll() failed: SQLSTATE[42S22]: Column not found: 1054 Unknown column 'new' in 'where clause'. The SQL statement executed was: SELECT * FROM `comment` `t` WHERE new=4269.
2015/03/23 09:50:23 [error] [exception.CDbException] exception 'CDbException' with message 'CDbCommand failed to execute the SQL statement: SQLSTATE[42S22]: Column not found: 1054 Unknown column 'new' in 'where clause'' in /home/admin/nginx/html/yii/framework/db/CDbCommand.php:543
Stack trace:
#0 /home/admin/nginx/html/yii/framework/db/CDbCommand.php(396): CDbCommand->queryInternal('fetchAll', Array, Array)
#1 /home/admin/nginx/html/yii/framework/db/ar/CActiveRecord.php(1351): CDbCommand->queryAll()
#2 /home/admin/nginx/html/yii/framework/db/ar/CActiveRecord.php(1470): CActiveRecord->query(Object(CDbCriteria), true)
#3 /home/admin/nginx/html/yii/demos/music_web/protected/controllers/CommentController.php(75): CActiveRecord->findAll(Object(CDbCriteria))
#4 /home/admin/nginx/html/yii/framework/web/actions/CInlineAction.php(49): CommentController->actionIndex()
#5 /home/admin/nginx/html/yii/framework/web/CController.php(308): CInlineAction->runWithParams(Array)
#6 /home/admin/nginx/html/yii/framework/web/CController.php(286): CController->runAction(Object(CInlineAction))
#7 /home/admin/nginx/html/yii/framework/web/CController.php(265): CController->runActionWithFilters(Object(CInlineAction), Array)
#8 /home/admin/nginx/html/yii/framework/web/CWebApplication.php(282): CController->run('index')
#9 /home/admin/nginx/html/yii/framework/web/CWebApplication.php(141): CWebApplication->runController('comment/index/n...')
#10 /home/admin/nginx/html/yii/framework/base/CApplication.php(180): CWebApplication->processRequest()
#11 /home/admin/nginx/html/yii/demos/music_web/index.php(11): CApplication->run()
#12 {main}
REQUEST_URI=/comment/index/nid/4269
HTTP_REFERER=http://www.funmzc.com/comment/index/nid/4269
---
2015/03/23 09:50:24 [error] [system.db.CDbCommand] CDbCommand::fetchAll() failed: SQLSTATE[42S22]: Column not found: 1054 Unknown column 'new' in 'where clause'. The SQL statement executed was: SELECT * FROM `comment` `t` WHERE new=4269.
2015/03/23 09:50:24 [error] [exception.CDbException] exception 'CDbException' with message 'CDbCommand failed to execute the SQL statement: SQLSTATE[42S22]: Column not found: 1054 Unknown column 'new' in 'where clause'' in /home/admin/nginx/html/yii/framework/db/CDbCommand.php:543
Stack trace:
#0 /home/admin/nginx/html/yii/framework/db/CDbCommand.php(396): CDbCommand->queryInternal('fetchAll', Array, Array)
#1 /home/admin/nginx/html/yii/framework/db/ar/CActiveRecord.php(1351): CDbCommand->queryAll()
#2 /home/admin/nginx/html/yii/framework/db/ar/CActiveRecord.php(1470): CActiveRecord->query(Object(CDbCriteria), true)
#3 /home/admin/nginx/html/yii/demos/music_web/protected/controllers/CommentController.php(75): CActiveRecord->findAll(Object(CDbCriteria))
#4 /home/admin/nginx/html/yii/framework/web/actions/CInlineAction.php(49): CommentController->actionIndex()
#5 /home/admin/nginx/html/yii/framework/web/CController.php(308): CInlineAction->runWithParams(Array)
#6 /home/admin/nginx/html/yii/framework/web/CController.php(286): CController->runAction(Object(CInlineAction))
#7 /home/admin/nginx/html/yii/framework/web/CController.php(265): CController->runActionWithFilters(Object(CInlineAction), Array)
#8 /home/admin/nginx/html/yii/framework/web/CWebApplication.php(282): CController->run('index')
#9 /home/admin/nginx/html/yii/framework/web/CWebApplication.php(141): CWebApplication->runController('comment/index/n...')
#10 /home/admin/nginx/html/yii/framework/base/CApplication.php(180): CWebApplication->processRequest()
#11 /home/admin/nginx/html/yii/demos/music_web/index.php(11): CApplication->run()
#12 {main}
REQUEST_URI=/comment/index/nid/4269
---
2015/03/23 10:13:32 [error] [system.db.CDbCommand] CDbCommand::fetchAll() failed: SQLSTATE[42S22]: Column not found: 1054 Unknown column 'new' in 'where clause'. The SQL statement executed was: SELECT * FROM `comment` `t` WHERE new=4254.
2015/03/23 10:13:32 [error] [exception.CDbException] exception 'CDbException' with message 'CDbCommand failed to execute the SQL statement: SQLSTATE[42S22]: Column not found: 1054 Unknown column 'new' in 'where clause'' in /home/admin/nginx/html/yii/framework/db/CDbCommand.php:543
Stack trace:
#0 /home/admin/nginx/html/yii/framework/db/CDbCommand.php(396): CDbCommand->queryInternal('fetchAll', Array, Array)
#1 /home/admin/nginx/html/yii/framework/db/ar/CActiveRecord.php(1351): CDbCommand->queryAll()
#2 /home/admin/nginx/html/yii/framework/db/ar/CActiveRecord.php(1470): CActiveRecord->query(Object(CDbCriteria), true)
#3 /home/admin/nginx/html/yii/demos/music_web/protected/controllers/CommentController.php(75): CActiveRecord->findAll(Object(CDbCriteria))
#4 /home/admin/nginx/html/yii/framework/web/actions/CInlineAction.php(49): CommentController->actionIndex()
#5 /home/admin/nginx/html/yii/framework/web/CController.php(308): CInlineAction->runWithParams(Array)
#6 /home/admin/nginx/html/yii/framework/web/CController.php(286): CController->runAction(Object(CInlineAction))
#7 /home/admin/nginx/html/yii/framework/web/CController.php(265): CController->runActionWithFilters(Object(CInlineAction), Array)
#8 /home/admin/nginx/html/yii/framework/web/CWebApplication.php(282): CController->run('index')
#9 /home/admin/nginx/html/yii/framework/web/CWebApplication.php(141): CWebApplication->runController('comment/index/n...')
#10 /home/admin/nginx/html/yii/framework/base/CApplication.php(180): CWebApplication->processRequest()
#11 /home/admin/nginx/html/yii/demos/music_web/index.php(11): CApplication->run()
#12 {main}
REQUEST_URI=/comment/index/nid/4254
---
2015/03/23 10:41:58 [error] [system.db.CDbCommand] CDbCommand::fetchAll() failed: SQLSTATE[42S22]: Column not found: 1054 Unknown column 'new' in 'where clause'. The SQL statement executed was: SELECT * FROM `comment` `t` WHERE new=4230.
2015/03/23 10:41:58 [error] [exception.CDbException] exception 'CDbException' with message 'CDbCommand failed to execute the SQL statement: SQLSTATE[42S22]: Column not found: 1054 Unknown column 'new' in 'where clause'' in /home/admin/nginx/html/yii/framework/db/CDbCommand.php:543
Stack trace:
#0 /home/admin/nginx/html/yii/framework/db/CDbCommand.php(396): CDbCommand->queryInternal('fetchAll', Array, Array)
#1 /home/admin/nginx/html/yii/framework/db/ar/CActiveRecord.php(1351): CDbCommand->queryAll()
#2 /home/admin/nginx/html/yii/framework/db/ar/CActiveRecord.php(1470): CActiveRecord->query(Object(CDbCriteria), true)
#3 /home/admin/nginx/html/yii/demos/music_web/protected/controllers/CommentController.php(75): CActiveRecord->findAll(Object(CDbCriteria))
#4 /home/admin/nginx/html/yii/framework/web/actions/CInlineAction.php(49): CommentController->actionIndex()
#5 /home/admin/nginx/html/yii/framework/web/CController.php(308): CInlineAction->runWithParams(Array)
#6 /home/admin/nginx/html/yii/framework/web/CController.php(286): CController->runAction(Object(CInlineAction))
#7 /home/admin/nginx/html/yii/framework/web/CController.php(265): CController->runActionWithFilters(Object(CInlineAction), Array)
#8 /home/admin/nginx/html/yii/framework/web/CWebApplication.php(282): CController->run('index')
#9 /home/admin/nginx/html/yii/framework/web/CWebApplication.php(141): CWebApplication->runController('comment/index/n...')
#10 /home/admin/nginx/html/yii/framework/base/CApplication.php(180): CWebApplication->processRequest()
#11 /home/admin/nginx/html/yii/demos/music_web/index.php(11): CApplication->run()
#12 {main}
REQUEST_URI=/comment/index/nid/4230
---
2015/03/23 11:28:29 [error] [exception.CHttpException.404] exception 'CHttpException' with message 'Unable to resolve the request "spgfyaayscaortyi.html".' in /home/admin/nginx/html/yii/framework/web/CWebApplication.php:286
Stack trace:
#0 /home/admin/nginx/html/yii/framework/web/CWebApplication.php(141): CWebApplication->runController('spgfyaayscaorty...')
#1 /home/admin/nginx/html/yii/framework/base/CApplication.php(180): CWebApplication->processRequest()
#2 /home/admin/nginx/html/yii/demos/music_web/index.php(11): CApplication->run()
#3 {main}
REQUEST_URI=/spgfyaayscaortyi.html
---
2015/03/23 11:29:19 [error] [system.db.CDbCommand] CDbCommand::fetchAll() failed: SQLSTATE[42S22]: Column not found: 1054 Unknown column 'new' in 'where clause'. The SQL statement executed was: SELECT * FROM `comment` `t` WHERE new=4246.
2015/03/23 11:29:19 [error] [exception.CDbException] exception 'CDbException' with message 'CDbCommand failed to execute the SQL statement: SQLSTATE[42S22]: Column not found: 1054 Unknown column 'new' in 'where clause'' in /home/admin/nginx/html/yii/framework/db/CDbCommand.php:543
Stack trace:
#0 /home/admin/nginx/html/yii/framework/db/CDbCommand.php(396): CDbCommand->queryInternal('fetchAll', Array, Array)
#1 /home/admin/nginx/html/yii/framework/db/ar/CActiveRecord.php(1351): CDbCommand->queryAll()
#2 /home/admin/nginx/html/yii/framework/db/ar/CActiveRecord.php(1470): CActiveRecord->query(Object(CDbCriteria), true)
#3 /home/admin/nginx/html/yii/demos/music_web/protected/controllers/CommentController.php(75): CActiveRecord->findAll(Object(CDbCriteria))
#4 /home/admin/nginx/html/yii/framework/web/actions/CInlineAction.php(49): CommentController->actionIndex()
#5 /home/admin/nginx/html/yii/framework/web/CController.php(308): CInlineAction->runWithParams(Array)
#6 /home/admin/nginx/html/yii/framework/web/CController.php(286): CController->runAction(Object(CInlineAction))
#7 /home/admin/nginx/html/yii/framework/web/CController.php(265): CController->runActionWithFilters(Object(CInlineAction), Array)
#8 /home/admin/nginx/html/yii/framework/web/CWebApplication.php(282): CController->run('index')
#9 /home/admin/nginx/html/yii/framework/web/CWebApplication.php(141): CWebApplication->runController('comment/index/n...')
#10 /home/admin/nginx/html/yii/framework/base/CApplication.php(180): CWebApplication->processRequest()
#11 /home/admin/nginx/html/yii/demos/music_web/index.php(11): CApplication->run()
#12 {main}
REQUEST_URI=/comment/index/nid/4246
---
2015/03/23 11:49:41 [error] [system.db.CDbCommand] CDbCommand::fetchAll() failed: SQLSTATE[42S02]: Base table or view not found: 1146 Table 'music.chatbox' doesn't exist. The SQL statement executed was: SHOW FULL COLUMNS FROM `chatbox`.
2015/03/23 11:49:41 [error] [exception.CDbException] exception 'CDbException' with message 'The table "chatbox" for active record class "Chat" cannot be found in the database.' in /home/admin/nginx/html/yii/framework/db/ar/CActiveRecord.php:2362
Stack trace:
#0 /home/admin/nginx/html/yii/framework/db/ar/CActiveRecord.php(411): CActiveRecordMetaData->__construct(Object(Chat))
#1 /home/admin/nginx/html/yii/framework/db/ar/CActiveRecord.php(658): CActiveRecord->getMetaData()
#2 /home/admin/nginx/html/yii/framework/db/ar/CActiveRecord.php(1350): CActiveRecord->getTableSchema()
#3 /home/admin/nginx/html/yii/framework/db/ar/CActiveRecord.php(1470): CActiveRecord->query(Object(CDbCriteria), true)
#4 /home/admin/nginx/html/yii/demos/music_web/protected/controllers/HomeController.php(248): CActiveRecord->findAll(Object(CDbCriteria))
#5 /home/admin/nginx/html/yii/framework/web/actions/CInlineAction.php(49): HomeController->actionLoadMsg()
#6 /home/admin/nginx/html/yii/framework/web/CController.php(308): CInlineAction->runWithParams(Array)
#7 /home/admin/nginx/html/yii/framework/web/CController.php(286): CController->runAction(Object(CInlineAction))
#8 /home/admin/nginx/html/yii/framework/web/CController.php(265): CController->runActionWithFilters(Object(CInlineAction), Array)
#9 /home/admin/nginx/html/yii/framework/web/CWebApplication.php(282): CController->run('loadMsg')
#10 /home/admin/nginx/html/yii/framework/web/CWebApplication.php(141): CWebApplication->runController('home/loadMsg')
#11 /home/admin/nginx/html/yii/framework/base/CApplication.php(180): CWebApplication->processRequest()
#12 /home/admin/nginx/html/yii/demos/music_web/index.php(11): CApplication->run()
#13 {main}
REQUEST_URI=/home/loadMsg
HTTP_REFERER=http://www.funmzc.com/
---
2015/03/23 12:23:15 [error] [exception.CHttpException.404] exception 'CHttpException' with message 'Unable to resolve the request "webscan38502863.txt".' in /home/admin/nginx/html/yii/framework/web/CWebApplication.php:286
Stack trace:
#0 /home/admin/nginx/html/yii/framework/web/CWebApplication.php(141): CWebApplication->runController('webscan38502863...')
#1 /home/admin/nginx/html/yii/framework/base/CApplication.php(180): CWebApplication->processRequest()
#2 /home/admin/nginx/html/yii/demos/music_web/index.php(11): CApplication->run()
#3 {main}
REQUEST_URI=/webscan38502863.txt
HTTP_REFERER=http://www.funmzc.com/
---
2015/03/23 12:23:16 [error] [exception.CHttpException.404] exception 'CHttpException' with message 'Unable to resolve the request "webscan38502863.txt".' in /home/admin/nginx/html/yii/framework/web/CWebApplication.php:286
Stack trace:
#0 /home/admin/nginx/html/yii/framework/web/CWebApplication.php(141): CWebApplication->runController('webscan38502863...')
#1 /home/admin/nginx/html/yii/framework/base/CApplication.php(180): CWebApplication->processRequest()
#2 /home/admin/nginx/html/yii/demos/music_web/index.php(11): CApplication->run()
#3 {main}
REQUEST_URI=/webscan38502863.txt
HTTP_REFERER=http://www.funmzc.com/
---
2015/03/23 12:45:08 [error] [system.db.CDbCommand] CDbCommand::fetchAll() failed: SQLSTATE[42S22]: Column not found: 1054 Unknown column 'new' in 'where clause'. The SQL statement executed was: SELECT * FROM `comment` `t` WHERE new=4255.
2015/03/23 12:45:08 [error] [exception.CDbException] exception 'CDbException' with message 'CDbCommand failed to execute the SQL statement: SQLSTATE[42S22]: Column not found: 1054 Unknown column 'new' in 'where clause'' in /home/admin/nginx/html/yii/framework/db/CDbCommand.php:543
Stack trace:
#0 /home/admin/nginx/html/yii/framework/db/CDbCommand.php(396): CDbCommand->queryInternal('fetchAll', Array, Array)
#1 /home/admin/nginx/html/yii/framework/db/ar/CActiveRecord.php(1351): CDbCommand->queryAll()
#2 /home/admin/nginx/html/yii/framework/db/ar/CActiveRecord.php(1470): CActiveRecord->query(Object(CDbCriteria), true)
#3 /home/admin/nginx/html/yii/demos/music_web/protected/controllers/CommentController.php(75): CActiveRecord->findAll(Object(CDbCriteria))
#4 /home/admin/nginx/html/yii/framework/web/actions/CInlineAction.php(49): CommentController->actionIndex()
#5 /home/admin/nginx/html/yii/framework/web/CController.php(308): CInlineAction->runWithParams(Array)
#6 /home/admin/nginx/html/yii/framework/web/CController.php(286): CController->runAction(Object(CInlineAction))
#7 /home/admin/nginx/html/yii/framework/web/CController.php(265): CController->runActionWithFilters(Object(CInlineAction), Array)
#8 /home/admin/nginx/html/yii/framework/web/CWebApplication.php(282): CController->run('index')
#9 /home/admin/nginx/html/yii/framework/web/CWebApplication.php(141): CWebApplication->runController('comment/index/n...')
#10 /home/admin/nginx/html/yii/framework/base/CApplication.php(180): CWebApplication->processRequest()
#11 /home/admin/nginx/html/yii/demos/music_web/index.php(11): CApplication->run()
#12 {main}
REQUEST_URI=/comment/index/nid/4255
---
2015/03/23 13:41:31 [error] [system.db.CDbCommand] CDbCommand::fetchAll() failed: SQLSTATE[42S22]: Column not found: 1054 Unknown column 'new' in 'where clause'. The SQL statement executed was: SELECT * FROM `comment` `t` WHERE new=4281.
2015/03/23 13:41:31 [error] [exception.CDbException] exception 'CDbException' with message 'CDbCommand failed to execute the SQL statement: SQLSTATE[42S22]: Column not found: 1054 Unknown column 'new' in 'where clause'' in /home/admin/nginx/html/yii/framework/db/CDbCommand.php:543
Stack trace:
#0 /home/admin/nginx/html/yii/framework/db/CDbCommand.php(396): CDbCommand->queryInternal('fetchAll', Array, Array)
#1 /home/admin/nginx/html/yii/framework/db/ar/CActiveRecord.php(1351): CDbCommand->queryAll()
#2 /home/admin/nginx/html/yii/framework/db/ar/CActiveRecord.php(1470): CActiveRecord->query(Object(CDbCriteria), true)
#3 /home/admin/nginx/html/yii/demos/music_web/protected/controllers/CommentController.php(75): CActiveRecord->findAll(Object(CDbCriteria))
#4 /home/admin/nginx/html/yii/framework/web/actions/CInlineAction.php(49): CommentController->actionIndex()
#5 /home/admin/nginx/html/yii/framework/web/CController.php(308): CInlineAction->runWithParams(Array)
#6 /home/admin/nginx/html/yii/framework/web/CController.php(286): CController->runAction(Object(CInlineAction))
#7 /home/admin/nginx/html/yii/framework/web/CController.php(265): CController->runActionWithFilters(Object(CInlineAction), Array)
#8 /home/admin/nginx/html/yii/framework/web/CWebApplication.php(282): CController->run('index')
#9 /home/admin/nginx/html/yii/framework/web/CWebApplication.php(141): CWebApplication->runController('comment/index/n...')
#10 /home/admin/nginx/html/yii/framework/base/CApplication.php(180): CWebApplication->processRequest()
#11 /home/admin/nginx/html/yii/demos/music_web/index.php(11): CApplication->run()
#12 {main}
REQUEST_URI=/comment/index/nid/4281
---
2015/03/23 14:00:55 [error] [system.db.CDbCommand] CDbCommand::fetchAll() failed: SQLSTATE[42S22]: Column not found: 1054 Unknown column 'new' in 'where clause'. The SQL statement executed was: SELECT * FROM `comment` `t` WHERE new=4275.
2015/03/23 14:00:55 [error] [exception.CDbException] exception 'CDbException' with message 'CDbCommand failed to execute the SQL statement: SQLSTATE[42S22]: Column not found: 1054 Unknown column 'new' in 'where clause'' in /home/admin/nginx/html/yii/framework/db/CDbCommand.php:543
Stack trace:
#0 /home/admin/nginx/html/yii/framework/db/CDbCommand.php(396): CDbCommand->queryInternal('fetchAll', Array, Array)
#1 /home/admin/nginx/html/yii/framework/db/ar/CActiveRecord.php(1351): CDbCommand->queryAll()
#2 /home/admin/nginx/html/yii/framework/db/ar/CActiveRecord.php(1470): CActiveRecord->query(Object(CDbCriteria), true)
#3 /home/admin/nginx/html/yii/demos/music_web/protected/controllers/CommentController.php(75): CActiveRecord->findAll(Object(CDbCriteria))
#4 /home/admin/nginx/html/yii/framework/web/actions/CInlineAction.php(49): CommentController->actionIndex()
#5 /home/admin/nginx/html/yii/framework/web/CController.php(308): CInlineAction->runWithParams(Array)
#6 /home/admin/nginx/html/yii/framework/web/CController.php(286): CController->runAction(Object(CInlineAction))
#7 /home/admin/nginx/html/yii/framework/web/CController.php(265): CController->runActionWithFilters(Object(CInlineAction), Array)
#8 /home/admin/nginx/html/yii/framework/web/CWebApplication.php(282): CController->run('index')
#9 /home/admin/nginx/html/yii/framework/web/CWebApplication.php(141): CWebApplication->runController('comment/index/n...')
#10 /home/admin/nginx/html/yii/framework/base/CApplication.php(180): CWebApplication->processRequest()
#11 /home/admin/nginx/html/yii/demos/music_web/index.php(11): CApplication->run()
#12 {main}
REQUEST_URI=/comment/index/nid/4275
---
2015/03/23 14:04:34 [error] [exception.CHttpException.404] exception 'CHttpException' with message 'Unable to resolve the request "s".' in /home/admin/nginx/html/yii/framework/web/CWebApplication.php:286
Stack trace:
#0 /home/admin/nginx/html/yii/framework/web/CWebApplication.php(141): CWebApplication->runController('s')
#1 /home/admin/nginx/html/yii/framework/base/CApplication.php(180): CWebApplication->processRequest()
#2 /home/admin/nginx/html/yii/demos/music_web/index.php(11): CApplication->run()
#3 {main}
REQUEST_URI=/s?wd=5118
---
2015/03/23 14:35:07 [error] [exception.CHttpException.404] exception 'CHttpException' with message 'Unable to resolve the request "muieblackcat".' in /home/admin/nginx/html/yii/framework/web/CWebApplication.php:286
Stack trace:
#0 /home/admin/nginx/html/yii/framework/web/CWebApplication.php(141): CWebApplication->runController('muieblackcat')
#1 /home/admin/nginx/html/yii/framework/base/CApplication.php(180): CWebApplication->processRequest()
#2 /home/admin/nginx/html/yii/demos/music_web/index.php(11): CApplication->run()
#3 {main}
REQUEST_URI=/muieblackcat
---
2015/03/23 15:16:56 [error] [system.db.CDbCommand] CDbCommand::fetchAll() failed: SQLSTATE[42S22]: Column not found: 1054 Unknown column 'new' in 'where clause'. The SQL statement executed was: SELECT * FROM `comment` `t` WHERE new=4270.
2015/03/23 15:16:56 [error] [exception.CDbException] exception 'CDbException' with message 'CDbCommand failed to execute the SQL statement: SQLSTATE[42S22]: Column not found: 1054 Unknown column 'new' in 'where clause'' in /home/admin/nginx/html/yii/framework/db/CDbCommand.php:543
Stack trace:
#0 /home/admin/nginx/html/yii/framework/db/CDbCommand.php(396): CDbCommand->queryInternal('fetchAll', Array, Array)
#1 /home/admin/nginx/html/yii/framework/db/ar/CActiveRecord.php(1351): CDbCommand->queryAll()
#2 /home/admin/nginx/html/yii/framework/db/ar/CActiveRecord.php(1470): CActiveRecord->query(Object(CDbCriteria), true)
#3 /home/admin/nginx/html/yii/demos/music_web/protected/controllers/CommentController.php(75): CActiveRecord->findAll(Object(CDbCriteria))
#4 /home/admin/nginx/html/yii/framework/web/actions/CInlineAction.php(49): CommentController->actionIndex()
#5 /home/admin/nginx/html/yii/framework/web/CController.php(308): CInlineAction->runWithParams(Array)
#6 /home/admin/nginx/html/yii/framework/web/CController.php(286): CController->runAction(Object(CInlineAction))
#7 /home/admin/nginx/html/yii/framework/web/CController.php(265): CController->runActionWithFilters(Object(CInlineAction), Array)
#8 /home/admin/nginx/html/yii/framework/web/CWebApplication.php(282): CController->run('index')
#9 /home/admin/nginx/html/yii/framework/web/CWebApplication.php(141): CWebApplication->runController('comment/index/n...')
#10 /home/admin/nginx/html/yii/framework/base/CApplication.php(180): CWebApplication->processRequest()
#11 /home/admin/nginx/html/yii/demos/music_web/index.php(11): CApplication->run()
#12 {main}
REQUEST_URI=/comment/index/nid/4270
---
